<testng-results>
  <reporter-output>
  </reporter-output>
  <suite name="Command line suite">
    <groups>
    </groups>
    <test name="Command line test">
      <class name="org.jboss.seam.test.unit.MailTest">
        <test-method status="PASS" signature="testAuthenticatedMailSession()" name="testAuthenticatedMailSession" duration-ms="34" started-at="2010-11-27T22:01:27Z" finished-at="2010-11-27T22:01:27Z">
        </test-method>
        <test-method status="PASS" signature="testMissingPasswordMailSession()" name="testMissingPasswordMailSession" duration-ms="2" started-at="2010-11-27T22:01:27Z" finished-at="2010-11-27T22:01:27Z">
        </test-method>
        <test-method status="PASS" signature="testJndiMailSession()" name="testJndiMailSession" duration-ms="37" started-at="2010-11-27T22:01:27Z" finished-at="2010-11-27T22:01:27Z">
        </test-method>
        <test-method status="PASS" signature="testBasicSslMailSession()" name="testBasicSslMailSession" duration-ms="2" started-at="2010-11-27T22:01:27Z" finished-at="2010-11-27T22:01:27Z">
        </test-method>
        <test-method status="PASS" signature="testMailSession()" name="testMailSession" duration-ms="20" started-at="2010-11-27T22:01:27Z" finished-at="2010-11-27T22:01:27Z">
        </test-method>
        <test-method status="PASS" signature="testMeldwareUser()" name="testMeldwareUser" duration-ms="1" started-at="2010-11-27T22:01:27Z" finished-at="2010-11-27T22:01:27Z">
        </test-method>
        <test-method status="PASS" signature="testMissingUsernameMailSession()" name="testMissingUsernameMailSession" duration-ms="2" started-at="2010-11-27T22:01:27Z" finished-at="2010-11-27T22:01:27Z">
        </test-method>
        <test-method status="PASS" signature="testAdminMeldwareUser()" name="testAdminMeldwareUser" duration-ms="0" started-at="2010-11-27T22:01:27Z" finished-at="2010-11-27T22:01:27Z">
        </test-method>
        <test-method status="PASS" signature="testAuthenticatedSslMailSession()" name="testAuthenticatedSslMailSession" duration-ms="2" started-at="2010-11-27T22:01:27Z" finished-at="2010-11-27T22:01:27Z">
        </test-method>
        <test-method status="PASS" signature="testBasicMailSession()" name="testBasicMailSession" duration-ms="1" started-at="2010-11-27T22:01:27Z" finished-at="2010-11-27T22:01:27Z">
        </test-method>
        <test-method status="PASS" signature="testSslMailSession()" name="testSslMailSession" duration-ms="2" started-at="2010-11-27T22:01:27Z" finished-at="2010-11-27T22:01:27Z">
        </test-method>
      </class>
      <class name="org.jboss.seam.test.unit.PageParamTest">
        <test-method status="PASS" signature="tearDown()" name="tearDown" is-config="true" duration-ms="0" started-at="2010-11-27T22:01:28Z" finished-at="2010-11-27T22:01:28Z">
        </test-method>
        <test-method status="PASS" signature="tearDown()" name="tearDown" is-config="true" duration-ms="0" started-at="2010-11-27T22:01:27Z" finished-at="2010-11-27T22:01:27Z">
        </test-method>
        <test-method status="PASS" signature="tearDown()" name="tearDown" is-config="true" duration-ms="0" started-at="2010-11-27T22:01:27Z" finished-at="2010-11-27T22:01:27Z">
        </test-method>
        <test-method status="PASS" signature="tearDown()" name="tearDown" is-config="true" duration-ms="0" started-at="2010-11-27T22:01:27Z" finished-at="2010-11-27T22:01:27Z">
        </test-method>
        <test-method status="PASS" signature="testGetCallAction()" name="testGetCallAction" duration-ms="1" started-at="2010-11-27T22:01:27Z" finished-at="2010-11-27T22:01:27Z">
          <exception class="java.lang.IllegalArgumentException">
            <message>
              <![CDATA[EL expressions are not allowed in actionOutcome parameter]]>
            </message>
            <full-stacktrace>
              <![CDATA[java.lang.IllegalArgumentException: EL expressions are not allowed in actionOutcome parameter
	at org.jboss.seam.navigation.Pages.callAction(Pages.java:690)
	at org.jboss.seam.navigation.Pages.preRender(Pages.java:331)
	at org.jboss.seam.test.unit.PageParamTest.testGetCallAction(PageParamTest.java:48)
	at sun.reflect.NativeMethodAccessorImpl.invoke0(Native Method)
	at sun.reflect.NativeMethodAccessorImpl.invoke(NativeMethodAccessorImpl.java:39)
	at sun.reflect.DelegatingMethodAccessorImpl.invoke(DelegatingMethodAccessorImpl.java:25)
	at java.lang.reflect.Method.invoke(Method.java:597)
	at org.testng.internal.MethodHelper.invokeMethod(MethodHelper.java:607)
	at org.testng.internal.Invoker.invokeMethod(Invoker.java:517)
	at org.testng.internal.Invoker.invokeTestMethod(Invoker.java:669)
	at org.testng.internal.Invoker.invokeTestMethods(Invoker.java:956)
	at org.testng.internal.TestMethodWorker.invokeTestMethods(TestMethodWorker.java:126)
	at org.testng.internal.TestMethodWorker.run(TestMethodWorker.java:110)
	at org.testng.TestRunner.runWorkers(TestRunner.java:759)
	at org.testng.TestRunner.privateRun(TestRunner.java:592)
	at org.testng.TestRunner.run(TestRunner.java:486)
	at org.testng.SuiteRunner.runTest(SuiteRunner.java:332)
	at org.testng.SuiteRunner.runSequentially(SuiteRunner.java:327)
	at org.testng.SuiteRunner.privateRun(SuiteRunner.java:299)
	at org.testng.SuiteRunner.run(SuiteRunner.java:204)
	at org.testng.TestNG.createAndRunSuiteRunners(TestNG.java:877)
	at org.testng.TestNG.runSuitesLocally(TestNG.java:842)
	at org.testng.TestNG.run(TestNG.java:751)
	at org.apache.maven.surefire.testng.TestNGExecutor.run(TestNGExecutor.java:62)
	at org.apache.maven.surefire.testng.TestNGDirectoryTestSuite.execute(TestNGDirectoryTestSuite.java:141)
	at org.apache.maven.surefire.Surefire.run(Surefire.java:177)
	at sun.reflect.NativeMethodAccessorImpl.invoke0(Native Method)
	at sun.reflect.NativeMethodAccessorImpl.invoke(NativeMethodAccessorImpl.java:39)
	at sun.reflect.DelegatingMethodAccessorImpl.invoke(DelegatingMethodAccessorImpl.java:25)
	at java.lang.reflect.Method.invoke(Method.java:597)
	at org.apache.maven.surefire.booter.SurefireBooter.runSuitesInProcess(SurefireBooter.java:345)
	at org.apache.maven.surefire.booter.SurefireBooter.main(SurefireBooter.java:1009)
]]>
            </full-stacktrace>
          </exception>
        </test-method>
        <test-method status="PASS" signature="setup()" name="setup" is-config="true" duration-ms="7" started-at="2010-11-27T22:01:27Z" finished-at="2010-11-27T22:01:27Z">
        </test-method>
        <test-method status="PASS" signature="tearDown()" name="tearDown" is-config="true" duration-ms="0" started-at="2010-11-27T22:01:28Z" finished-at="2010-11-27T22:01:28Z">
        </test-method>
        <test-method status="PASS" signature="testGetValidatorById()" name="testGetValidatorById" duration-ms="1" started-at="2010-11-27T22:01:28Z" finished-at="2010-11-27T22:01:28Z">
        </test-method>
        <test-method status="PASS" signature="setup()" name="setup" is-config="true" duration-ms="7" started-at="2010-11-27T22:01:27Z" finished-at="2010-11-27T22:01:27Z">
        </test-method>
        <test-method status="PASS" signature="testConverterIsNullForNonFacesValueExpression()" name="testConverterIsNullForNonFacesValueExpression" duration-ms="0" started-at="2010-11-27T22:01:27Z" finished-at="2010-11-27T22:01:27Z">
        </test-method>
        <test-method status="PASS" signature="tearDown()" name="tearDown" is-config="true" duration-ms="0" started-at="2010-11-27T22:01:27Z" finished-at="2010-11-27T22:01:27Z">
        </test-method>
        <test-method status="FAIL" signature="testValidateModelWithValidValue()" name="testValidateModelWithValidValue" duration-ms="1" started-at="2010-11-27T22:01:28Z" finished-at="2010-11-27T22:01:28Z">
          <exception class="java.lang.NoClassDefFoundError">
            <message>
              <![CDATA[Could not initialize class org.hibernate.validator.ClassValidator]]>
            </message>
            <full-stacktrace>
              <![CDATA[java.lang.NoClassDefFoundError: Could not initialize class org.hibernate.validator.ClassValidator
	at org.jboss.seam.core.Validators.createValidator(Validators.java:120)
	at org.jboss.seam.core.Validators.getValidator(Validators.java:103)
	at org.jboss.seam.core.Validators.getValidator(Validators.java:86)
	at org.jboss.seam.core.Validators$ValidatingResolver.setValue(Validators.java:191)
	at org.jboss.el.parser.AstPropertySuffix.setValue(AstPropertySuffix.java:73)
	at org.jboss.el.parser.AstValue.setValue(AstValue.java:84)
	at org.jboss.el.ValueExpressionImpl.setValue(ValueExpressionImpl.java:249)
	at org.jboss.seam.core.Validators.validate(Validators.java:136)
	at org.jboss.seam.navigation.Param.validateConvertedValue(Param.java:260)
	at org.jboss.seam.test.unit.PageParamTest.testValidateModelWithValidValue(PageParamTest.java:102)
	at sun.reflect.NativeMethodAccessorImpl.invoke0(Native Method)
	at sun.reflect.NativeMethodAccessorImpl.invoke(NativeMethodAccessorImpl.java:39)
	at sun.reflect.DelegatingMethodAccessorImpl.invoke(DelegatingMethodAccessorImpl.java:25)
	at java.lang.reflect.Method.invoke(Method.java:597)
	at org.testng.internal.MethodHelper.invokeMethod(MethodHelper.java:607)
	at org.testng.internal.Invoker.invokeMethod(Invoker.java:517)
	at org.testng.internal.Invoker.invokeTestMethod(Invoker.java:669)
	at org.testng.internal.Invoker.invokeTestMethods(Invoker.java:956)
	at org.testng.internal.TestMethodWorker.invokeTestMethods(TestMethodWorker.java:126)
	at org.testng.internal.TestMethodWorker.run(TestMethodWorker.java:110)
	at org.testng.TestRunner.runWorkers(TestRunner.java:759)
	at org.testng.TestRunner.privateRun(TestRunner.java:592)
	at org.testng.TestRunner.run(TestRunner.java:486)
	at org.testng.SuiteRunner.runTest(SuiteRunner.java:332)
	at org.testng.SuiteRunner.runSequentially(SuiteRunner.java:327)
	at org.testng.SuiteRunner.privateRun(SuiteRunner.java:299)
	at org.testng.SuiteRunner.run(SuiteRunner.java:204)
	at org.testng.TestNG.createAndRunSuiteRunners(TestNG.java:877)
	at org.testng.TestNG.runSuitesLocally(TestNG.java:842)
	at org.testng.TestNG.run(TestNG.java:751)
	at org.apache.maven.surefire.testng.TestNGExecutor.run(TestNGExecutor.java:62)
	at org.apache.maven.surefire.testng.TestNGDirectoryTestSuite.execute(TestNGDirectoryTestSuite.java:141)
	at org.apache.maven.surefire.Surefire.run(Surefire.java:177)
	at sun.reflect.NativeMethodAccessorImpl.invoke0(Native Method)
	at sun.reflect.NativeMethodAccessorImpl.invoke(NativeMethodAccessorImpl.java:39)
	at sun.reflect.DelegatingMethodAccessorImpl.invoke(DelegatingMethodAccessorImpl.java:25)
	at java.lang.reflect.Method.invoke(Method.java:597)
	at org.apache.maven.surefire.booter.SurefireBooter.runSuitesInProcess(SurefireBooter.java:345)
	at org.apache.maven.surefire.booter.SurefireBooter.main(SurefireBooter.java:1009)
]]>
            </full-stacktrace>
          </exception>
        </test-method>
        <test-method status="PASS" signature="testDateConverter()" name="testDateConverter" duration-ms="28" started-at="2010-11-27T22:01:27Z" finished-at="2010-11-27T22:01:27Z">
        </test-method>
        <test-method status="FAIL" signature="testValidateModelWithInvalidValue()" name="testValidateModelWithInvalidValue" duration-ms="45" started-at="2010-11-27T22:01:27Z" finished-at="2010-11-27T22:01:28Z">
          <exception class="java.lang.NoClassDefFoundError">
            <message>
              <![CDATA[org/slf4j/impl/StaticLoggerBinder]]>
            </message>
            <full-stacktrace>
              <![CDATA[java.lang.NoClassDefFoundError: org/slf4j/impl/StaticLoggerBinder
	at org.slf4j.LoggerFactory.<clinit>(LoggerFactory.java:60)
	at org.hibernate.validator.ClassValidator.<clinit>(ClassValidator.java:53)
	at org.jboss.seam.core.Validators.createValidator(Validators.java:120)
	at org.jboss.seam.core.Validators.getValidator(Validators.java:103)
	at org.jboss.seam.core.Validators.getValidator(Validators.java:86)
	at org.jboss.seam.core.Validators$ValidatingResolver.setValue(Validators.java:191)
	at org.jboss.el.parser.AstPropertySuffix.setValue(AstPropertySuffix.java:73)
	at org.jboss.el.parser.AstValue.setValue(AstValue.java:84)
	at org.jboss.el.ValueExpressionImpl.setValue(ValueExpressionImpl.java:249)
	at org.jboss.seam.core.Validators.validate(Validators.java:136)
	at org.jboss.seam.navigation.Param.validateConvertedValue(Param.java:260)
	at org.jboss.seam.test.unit.PageParamTest.testValidateModelWithInvalidValue(PageParamTest.java:96)
	at sun.reflect.NativeMethodAccessorImpl.invoke0(Native Method)
	at sun.reflect.NativeMethodAccessorImpl.invoke(NativeMethodAccessorImpl.java:39)
	at sun.reflect.DelegatingMethodAccessorImpl.invoke(DelegatingMethodAccessorImpl.java:25)
	at java.lang.reflect.Method.invoke(Method.java:597)
	at org.testng.internal.MethodHelper.invokeMethod(MethodHelper.java:607)
	at org.testng.internal.Invoker.invokeMethod(Invoker.java:517)
	at org.testng.internal.Invoker.invokeTestMethod(Invoker.java:669)
	at org.testng.internal.Invoker.invokeTestMethods(Invoker.java:956)
	at org.testng.internal.TestMethodWorker.invokeTestMethods(TestMethodWorker.java:126)
	at org.testng.internal.TestMethodWorker.run(TestMethodWorker.java:110)
	at org.testng.TestRunner.runWorkers(TestRunner.java:759)
	at org.testng.TestRunner.privateRun(TestRunner.java:592)
	at org.testng.TestRunner.run(TestRunner.java:486)
	at org.testng.SuiteRunner.runTest(SuiteRunner.java:332)
	at org.testng.SuiteRunner.runSequentially(SuiteRunner.java:327)
	at org.testng.SuiteRunner.privateRun(SuiteRunner.java:299)
	at org.testng.SuiteRunner.run(SuiteRunner.java:204)
	at org.testng.TestNG.createAndRunSuiteRunners(TestNG.java:877)
	at org.testng.TestNG.runSuitesLocally(TestNG.java:842)
	at org.testng.TestNG.run(TestNG.java:751)
	at org.apache.maven.surefire.testng.TestNGExecutor.run(TestNGExecutor.java:62)
	at org.apache.maven.surefire.testng.TestNGDirectoryTestSuite.execute(TestNGDirectoryTestSuite.java:141)
	at org.apache.maven.surefire.Surefire.run(Surefire.java:177)
	at sun.reflect.NativeMethodAccessorImpl.invoke0(Native Method)
	at sun.reflect.NativeMethodAccessorImpl.invoke(NativeMethodAccessorImpl.java:39)
	at sun.reflect.DelegatingMethodAccessorImpl.invoke(DelegatingMethodAccessorImpl.java:25)
	at java.lang.reflect.Method.invoke(Method.java:597)
	at org.apache.maven.surefire.booter.SurefireBooter.runSuitesInProcess(SurefireBooter.java:345)
	at org.apache.maven.surefire.booter.SurefireBooter.main(SurefireBooter.java:1009)
Caused by: java.lang.ClassNotFoundException: org.slf4j.impl.StaticLoggerBinder
	at java.net.URLClassLoader$1.run(URLClassLoader.java:202)
	at java.security.AccessController.doPrivileged(Native Method)
	at java.net.URLClassLoader.findClass(URLClassLoader.java:190)
	at java.lang.ClassLoader.loadClass(ClassLoader.java:307)
	at sun.misc.Launcher$AppClassLoader.loadClass(Launcher.java:301)
	at java.lang.ClassLoader.loadClass(ClassLoader.java:248)
	... 41 more
]]>
            </full-stacktrace>
          </exception>
        </test-method>
        <test-method status="PASS" signature="setup()" name="setup" is-config="true" duration-ms="7" started-at="2010-11-27T22:01:27Z" finished-at="2010-11-27T22:01:27Z">
        </test-method>
        <test-method status="PASS" signature="setup()" name="setup" is-config="true" duration-ms="8" started-at="2010-11-27T22:01:27Z" finished-at="2010-11-27T22:01:27Z">
        </test-method>
        <test-method status="PASS" signature="setup()" name="setup" is-config="true" duration-ms="7" started-at="2010-11-27T22:01:28Z" finished-at="2010-11-27T22:01:28Z">
        </test-method>
        <test-method status="PASS" signature="tearDown()" name="tearDown" is-config="true" duration-ms="0" started-at="2010-11-27T22:01:27Z" finished-at="2010-11-27T22:01:27Z">
        </test-method>
        <test-method status="PASS" signature="testValidateModelDisabled()" name="testValidateModelDisabled" duration-ms="0" started-at="2010-11-27T22:01:27Z" finished-at="2010-11-27T22:01:27Z">
        </test-method>
        <test-method status="PASS" signature="setup()" name="setup" is-config="true" duration-ms="9" started-at="2010-11-27T22:01:28Z" finished-at="2010-11-27T22:01:28Z">
        </test-method>
        <test-method status="PASS" signature="testGetCallActionEscaped()" name="testGetCallActionEscaped" duration-ms="4" started-at="2010-11-27T22:01:27Z" finished-at="2010-11-27T22:01:27Z">
          <exception class="java.lang.IllegalArgumentException">
            <message>
              <![CDATA[EL expressions are not allowed in actionOutcome parameter]]>
            </message>
            <full-stacktrace>
              <![CDATA[java.lang.IllegalArgumentException: EL expressions are not allowed in actionOutcome parameter
	at org.jboss.seam.navigation.Pages.callAction(Pages.java:690)
	at org.jboss.seam.navigation.Pages.preRender(Pages.java:331)
	at org.jboss.seam.test.unit.PageParamTest.testGetCallActionEscaped(PageParamTest.java:57)
	at sun.reflect.NativeMethodAccessorImpl.invoke0(Native Method)
	at sun.reflect.NativeMethodAccessorImpl.invoke(NativeMethodAccessorImpl.java:39)
	at sun.reflect.DelegatingMethodAccessorImpl.invoke(DelegatingMethodAccessorImpl.java:25)
	at java.lang.reflect.Method.invoke(Method.java:597)
	at org.testng.internal.MethodHelper.invokeMethod(MethodHelper.java:607)
	at org.testng.internal.Invoker.invokeMethod(Invoker.java:517)
	at org.testng.internal.Invoker.invokeTestMethod(Invoker.java:669)
	at org.testng.internal.Invoker.invokeTestMethods(Invoker.java:956)
	at org.testng.internal.TestMethodWorker.invokeTestMethods(TestMethodWorker.java:126)
	at org.testng.internal.TestMethodWorker.run(TestMethodWorker.java:110)
	at org.testng.TestRunner.runWorkers(TestRunner.java:759)
	at org.testng.TestRunner.privateRun(TestRunner.java:592)
	at org.testng.TestRunner.run(TestRunner.java:486)
	at org.testng.SuiteRunner.runTest(SuiteRunner.java:332)
	at org.testng.SuiteRunner.runSequentially(SuiteRunner.java:327)
	at org.testng.SuiteRunner.privateRun(SuiteRunner.java:299)
	at org.testng.SuiteRunner.run(SuiteRunner.java:204)
	at org.testng.TestNG.createAndRunSuiteRunners(TestNG.java:877)
	at org.testng.TestNG.runSuitesLocally(TestNG.java:842)
	at org.testng.TestNG.run(TestNG.java:751)
	at org.apache.maven.surefire.testng.TestNGExecutor.run(TestNGExecutor.java:62)
	at org.apache.maven.surefire.testng.TestNGDirectoryTestSuite.execute(TestNGDirectoryTestSuite.java:141)
	at org.apache.maven.surefire.Surefire.run(Surefire.java:177)
	at sun.reflect.NativeMethodAccessorImpl.invoke0(Native Method)
	at sun.reflect.NativeMethodAccessorImpl.invoke(NativeMethodAccessorImpl.java:39)
	at sun.reflect.DelegatingMethodAccessorImpl.invoke(DelegatingMethodAccessorImpl.java:25)
	at java.lang.reflect.Method.invoke(Method.java:597)
	at org.apache.maven.surefire.booter.SurefireBooter.runSuitesInProcess(SurefireBooter.java:345)
	at org.apache.maven.surefire.booter.SurefireBooter.main(SurefireBooter.java:1009)
]]>
            </full-stacktrace>
          </exception>
        </test-method>
        <test-method status="PASS" signature="setup()" name="setup" is-config="true" duration-ms="7" started-at="2010-11-27T22:01:27Z" finished-at="2010-11-27T22:01:27Z">
        </test-method>
        <test-method status="PASS" signature="setup()" name="setup" is-config="true" duration-ms="7" started-at="2010-11-27T22:01:27Z" finished-at="2010-11-27T22:01:27Z">
        </test-method>
        <test-method status="PASS" signature="testGetConverterById()" name="testGetConverterById" duration-ms="0" started-at="2010-11-27T22:01:27Z" finished-at="2010-11-27T22:01:27Z">
        </test-method>
        <test-method status="PASS" signature="tearDown()" name="tearDown" is-config="true" duration-ms="0" started-at="2010-11-27T22:01:27Z" finished-at="2010-11-27T22:01:27Z">
        </test-method>
        <test-method status="PASS" signature="setup()" name="setup" is-config="true" duration-ms="6" started-at="2010-11-27T22:01:27Z" finished-at="2010-11-27T22:01:27Z">
        </test-method>
        <test-method status="PASS" signature="tearDown()" name="tearDown" is-config="true" duration-ms="0" started-at="2010-11-27T22:01:28Z" finished-at="2010-11-27T22:01:28Z">
        </test-method>
      </class>
      <class name="org.jboss.seam.test.unit.web.MultipartRequestTest">
        <test-method status="PASS" signature="testMultipartRequest()" name="testMultipartRequest" duration-ms="5" started-at="2010-11-27T22:01:29Z" finished-at="2010-11-27T22:01:29Z">
        </test-method>
      </class>
      <class name="org.jboss.seam.test.unit.InterceptorTest">
        <test-method status="PASS" signature="testRemoveInterceptor()" name="testRemoveInterceptor" duration-ms="3" started-at="2010-11-27T22:01:27Z" finished-at="2010-11-27T22:01:27Z">
        </test-method>
        <test-method status="PASS" signature="testValidationInterceptor()" name="testValidationInterceptor" duration-ms="11" started-at="2010-11-27T22:01:27Z" finished-at="2010-11-27T22:01:27Z">
        </test-method>
        <test-method status="PASS" signature="testConversationInterceptor()" name="testConversationInterceptor" duration-ms="9" started-at="2010-11-27T22:01:27Z" finished-at="2010-11-27T22:01:27Z">
        </test-method>
        <test-method status="PASS" signature="testCyclicDependencyThowsException()" name="testCyclicDependencyThowsException" duration-ms="5" started-at="2010-11-27T22:01:27Z" finished-at="2010-11-27T22:01:27Z">
        </test-method>
        <test-method status="PASS" signature="testReentrantBijection()" name="testReentrantBijection" duration-ms="26" started-at="2010-11-27T22:01:27Z" finished-at="2010-11-27T22:01:27Z">
        </test-method>
        <test-method status="PASS" signature="testConversationalInterceptor()" name="testConversationalInterceptor" duration-ms="3" started-at="2010-11-27T22:01:27Z" finished-at="2010-11-27T22:01:27Z">
        </test-method>
        <test-method status="PASS" signature="testBijectionInterceptor()" name="testBijectionInterceptor" duration-ms="8" started-at="2010-11-27T22:01:27Z" finished-at="2010-11-27T22:01:27Z">
        </test-method>
      </class>
      <class name="org.jboss.seam.test.unit.QueryTest">
        <test-method status="PASS" signature="testCountQuery()" name="testCountQuery" duration-ms="27" started-at="2010-11-27T22:01:28Z" finished-at="2010-11-27T22:01:28Z">
        </test-method>
      </class>
      <class name="org.jboss.seam.test.unit.CoreTest">
        <test-method status="PASS" signature="triggerComponentScan()" name="triggerComponentScan" is-config="true" duration-ms="2052" started-at="2010-11-27T22:01:24Z" finished-at="2010-11-27T22:01:26Z">
        </test-method>
      </class>
      <class name="org.jboss.seam.test.unit.web.ConditionalRequestTest">
        <test-method status="PASS" signature="testModifiedOnlyETag()" name="testModifiedOnlyETag" duration-ms="5" started-at="2010-11-27T22:01:29Z" finished-at="2010-11-27T22:01:29Z">
        </test-method>
        <test-method status="PASS" signature="testNotModifiedETagLastModified()" name="testNotModifiedETagLastModified" duration-ms="1" started-at="2010-11-27T22:01:29Z" finished-at="2010-11-27T22:01:29Z">
        </test-method>
        <test-method status="PASS" signature="testNotModifiedOnlyLastModified()" name="testNotModifiedOnlyLastModified" duration-ms="1" started-at="2010-11-27T22:01:29Z" finished-at="2010-11-27T22:01:29Z">
        </test-method>
        <test-method status="PASS" signature="testModifiedOnlyLastModified()" name="testModifiedOnlyLastModified" duration-ms="0" started-at="2010-11-27T22:01:29Z" finished-at="2010-11-27T22:01:29Z">
        </test-method>
        <test-method status="PASS" signature="testModifiedETagLastModified()" name="testModifiedETagLastModified" duration-ms="0" started-at="2010-11-27T22:01:29Z" finished-at="2010-11-27T22:01:29Z">
        </test-method>
        <test-method status="PASS" signature="testNotModifiedOnlyETag()" name="testNotModifiedOnlyETag" duration-ms="0" started-at="2010-11-27T22:01:29Z" finished-at="2010-11-27T22:01:29Z">
        </test-method>
      </class>
      <class name="org.jboss.seam.test.unit.InitializationTest">
        <test-method status="PASS" signature="testEnumPropertyAssignment()" name="testEnumPropertyAssignment" duration-ms="215" started-at="2010-11-27T22:01:27Z" finished-at="2010-11-27T22:01:27Z">
        </test-method>
        <test-method status="PASS" signature="testEntityHomeConfiguration()" name="testEntityHomeConfiguration" duration-ms="303" started-at="2010-11-27T22:01:26Z" finished-at="2010-11-27T22:01:27Z">
        </test-method>
        <test-method status="PASS" signature="testInitialization()" name="testInitialization" duration-ms="428" started-at="2010-11-27T22:01:26Z" finished-at="2010-11-27T22:01:26Z">
        </test-method>
      </class>
      <class name="org.jboss.seam.test.unit.ContextTest">
        <test-method status="PASS" signature="testContextManagement()" name="testContextManagement" duration-ms="68" started-at="2010-11-27T22:01:26Z" finished-at="2010-11-27T22:01:26Z">
        </test-method>
        <test-method status="PASS" signature="testContexts()" name="testContexts" duration-ms="5" started-at="2010-11-27T22:01:26Z" finished-at="2010-11-27T22:01:26Z">
        </test-method>
      </class>
      <class name="org.jboss.seam.test.unit.PageConversationControlTest">
        <test-method status="PASS" signature="testBeginAndEndRootConversation()" name="testBeginAndEndRootConversation" duration-ms="1" started-at="2010-11-27T22:01:27Z" finished-at="2010-11-27T22:01:27Z">
        </test-method>
        <test-method status="PASS" signature="tearDown()" name="tearDown" is-config="true" duration-ms="0" started-at="2010-11-27T22:01:27Z" finished-at="2010-11-27T22:01:27Z">
        </test-method>
        <test-method status="PASS" signature="tearDown()" name="tearDown" is-config="true" duration-ms="0" started-at="2010-11-27T22:01:27Z" finished-at="2010-11-27T22:01:27Z">
        </test-method>
        <test-method status="PASS" signature="testBeginNestedAndEndRootConversation()" name="testBeginNestedAndEndRootConversation" duration-ms="1" started-at="2010-11-27T22:01:27Z" finished-at="2010-11-27T22:01:27Z">
        </test-method>
        <test-method status="PASS" signature="testBeginNestedAndEndConversation()" name="testBeginNestedAndEndConversation" duration-ms="1" started-at="2010-11-27T22:01:27Z" finished-at="2010-11-27T22:01:27Z">
        </test-method>
        <test-method status="PASS" signature="setup()" name="setup" is-config="true" duration-ms="22" started-at="2010-11-27T22:01:27Z" finished-at="2010-11-27T22:01:27Z">
        </test-method>
        <test-method status="PASS" signature="tearDown()" name="tearDown" is-config="true" duration-ms="0" started-at="2010-11-27T22:01:27Z" finished-at="2010-11-27T22:01:27Z">
        </test-method>
        <test-method status="PASS" signature="setup()" name="setup" is-config="true" duration-ms="19" started-at="2010-11-27T22:01:27Z" finished-at="2010-11-27T22:01:27Z">
        </test-method>
        <test-method status="PASS" signature="setup()" name="setup" is-config="true" duration-ms="10" started-at="2010-11-27T22:01:27Z" finished-at="2010-11-27T22:01:27Z">
        </test-method>
      </class>
      <class name="org.jboss.seam.test.unit.PhaseListenerTest">
        <test-method status="PASS" signature="testSeamPhaseListenerRedirect()" name="testSeamPhaseListenerRedirect" duration-ms="3" started-at="2010-11-27T22:01:28Z" finished-at="2010-11-27T22:01:28Z">
        </test-method>
        <test-method status="PASS" signature="testSeamPhaseListenerLongRunning()" name="testSeamPhaseListenerLongRunning" duration-ms="4" started-at="2010-11-27T22:01:28Z" finished-at="2010-11-27T22:01:28Z">
        </test-method>
        <test-method status="PASS" signature="testSeamPhaseListener()" name="testSeamPhaseListener" duration-ms="4" started-at="2010-11-27T22:01:28Z" finished-at="2010-11-27T22:01:28Z">
        </test-method>
        <test-method status="PASS" signature="testSeamPhaseListenerNonFacesRequest()" name="testSeamPhaseListenerNonFacesRequest" duration-ms="13" started-at="2010-11-27T22:01:28Z" finished-at="2010-11-27T22:01:28Z">
        </test-method>
        <test-method status="PASS" signature="testSeamPhaseListenerNewLongRunning()" name="testSeamPhaseListenerNewLongRunning" duration-ms="30" started-at="2010-11-27T22:01:28Z" finished-at="2010-11-27T22:01:28Z">
        </test-method>
      </class>
      <class name="org.jboss.seam.test.unit.InterpolatorTest">
        <test-method status="PASS" signature="tearDown()" name="tearDown" is-config="true" duration-ms="0" started-at="2010-11-27T22:01:27Z" finished-at="2010-11-27T22:01:27Z">
        </test-method>
        <test-method status="PASS" signature="testInterpolation()" name="testInterpolation" duration-ms="13" started-at="2010-11-27T22:01:27Z" finished-at="2010-11-27T22:01:27Z">
        </test-method>
        <test-method status="PASS" signature="setUp()" name="setUp" is-config="true" duration-ms="1" started-at="2010-11-27T22:01:27Z" finished-at="2010-11-27T22:01:27Z">
        </test-method>
      </class>
      <class name="org.jboss.seam.test.unit.bpm.TaskListTest">
        <test-method status="PASS" signature="setUp()" name="setUp" is-config="true" duration-ms="192" started-at="2010-11-27T22:01:29Z" finished-at="2010-11-27T22:01:29Z">
        </test-method>
        <test-method status="PASS" signature="emptyPooledTaskListIfNoGroupActorIds()" name="emptyPooledTaskListIfNoGroupActorIds" duration-ms="7" started-at="2010-11-27T22:01:29Z" finished-at="2010-11-27T22:01:29Z">
        </test-method>
        <test-method status="PASS" signature="tearDown()" name="tearDown" is-config="true" duration-ms="2" started-at="2010-11-27T22:01:29Z" finished-at="2010-11-27T22:01:29Z">
        </test-method>
      </class>
      <class name="org.jboss.seam.test.unit.bpm.JbpmTest">
        <test-method status="PASS" signature="testGetPageflowDefinitionFromXml()" name="testGetPageflowDefinitionFromXml" duration-ms="65" started-at="2010-11-27T22:01:28Z" finished-at="2010-11-27T22:01:29Z">
        </test-method>
        <test-method status="PASS" signature="testGetProcessDefinitionFromXml()" name="testGetProcessDefinitionFromXml" duration-ms="50" started-at="2010-11-27T22:01:29Z" finished-at="2010-11-27T22:01:29Z">
        </test-method>
      </class>
      <class name="org.jboss.seam.test.unit.web.RewriteTest">
        <test-method status="PASS" signature="testSingleArgInPattern()" name="testSingleArgInPattern" duration-ms="1" started-at="2010-11-27T22:01:29Z" finished-at="2010-11-27T22:01:29Z">
        </test-method>
        <test-method status="PASS" signature="testMultiArgInPattern()" name="testMultiArgInPattern" duration-ms="0" started-at="2010-11-27T22:01:29Z" finished-at="2010-11-27T22:01:29Z">
        </test-method>
        <test-method status="PASS" signature="testBasicInPattern()" name="testBasicInPattern" duration-ms="2" started-at="2010-11-27T22:01:29Z" finished-at="2010-11-27T22:01:29Z">
        </test-method>
        <test-method status="PASS" signature="testSingleArgOutPattern()" name="testSingleArgOutPattern" duration-ms="1" started-at="2010-11-27T22:01:29Z" finished-at="2010-11-27T22:01:29Z">
        </test-method>
        <test-method status="PASS" signature="testMultiArgOutPattern()" name="testMultiArgOutPattern" duration-ms="0" started-at="2010-11-27T22:01:29Z" finished-at="2010-11-27T22:01:29Z">
        </test-method>
        <test-method status="PASS" signature="testBasicOutPattern()" name="testBasicOutPattern" duration-ms="1" started-at="2010-11-27T22:01:29Z" finished-at="2010-11-27T22:01:29Z">
        </test-method>
      </class>
      <class name="org.jboss.seam.test.unit.HomeTest">
        <test-method status="PASS" signature="testGetEntityClassOverride()" name="testGetEntityClassOverride" duration-ms="3" started-at="2010-11-27T22:01:26Z" finished-at="2010-11-27T22:01:26Z">
        </test-method>
        <test-method status="PASS" signature="testCreateInstance()" name="testCreateInstance" duration-ms="9" started-at="2010-11-27T22:01:26Z" finished-at="2010-11-27T22:01:26Z">
        </test-method>
        <test-method status="PASS" signature="testReadEntityClassFromTypeParameter()" name="testReadEntityClassFromTypeParameter" duration-ms="4" started-at="2010-11-27T22:01:26Z" finished-at="2010-11-27T22:01:26Z">
        </test-method>
      </class>
      <class name="org.jboss.seam.test.unit.PageDescriptorTest">
        <test-method status="PASS" signature="setup()" name="setup" is-config="true" duration-ms="8" started-at="2010-11-27T22:01:27Z" finished-at="2010-11-27T22:01:27Z">
        </test-method>
        <test-method status="PASS" signature="testHasDescription()" name="testHasDescription" duration-ms="0" started-at="2010-11-27T22:01:27Z" finished-at="2010-11-27T22:01:27Z">
        </test-method>
        <test-method status="PASS" signature="tearDown()" name="tearDown" is-config="true" duration-ms="0" started-at="2010-11-27T22:01:27Z" finished-at="2010-11-27T22:01:27Z">
        </test-method>
        <test-method status="PASS" signature="tearDown()" name="tearDown" is-config="true" duration-ms="0" started-at="2010-11-27T22:01:27Z" finished-at="2010-11-27T22:01:27Z">
        </test-method>
        <test-method status="PASS" signature="testGetAndResolveDescription()" name="testGetAndResolveDescription" duration-ms="0" started-at="2010-11-27T22:01:27Z" finished-at="2010-11-27T22:01:27Z">
        </test-method>
        <test-method status="PASS" signature="tearDown()" name="tearDown" is-config="true" duration-ms="0" started-at="2010-11-27T22:01:27Z" finished-at="2010-11-27T22:01:27Z">
        </test-method>
        <test-method status="PASS" signature="setup()" name="setup" is-config="true" duration-ms="7" started-at="2010-11-27T22:01:27Z" finished-at="2010-11-27T22:01:27Z">
        </test-method>
        <test-method status="PASS" signature="setup()" name="setup" is-config="true" duration-ms="8" started-at="2010-11-27T22:01:27Z" finished-at="2010-11-27T22:01:27Z">
        </test-method>
        <test-method status="PASS" signature="testSwitchEnabledFlag()" name="testSwitchEnabledFlag" duration-ms="0" started-at="2010-11-27T22:01:27Z" finished-at="2010-11-27T22:01:27Z">
        </test-method>
      </class>
      <class name="org.jboss.seam.test.unit.DependencyTest">
        <test-method status="PASS" signature="testNotInstalled()" name="testNotInstalled" duration-ms="0" started-at="2010-11-27T22:01:26Z" finished-at="2010-11-27T22:01:26Z">
        </test-method>
        <test-method status="PASS" signature="testOverride2()" name="testOverride2" duration-ms="3" started-at="2010-11-27T22:01:26Z" finished-at="2010-11-27T22:01:26Z">
        </test-method>
        <test-method status="PASS" signature="testClassDependency()" name="testClassDependency" duration-ms="1" started-at="2010-11-27T22:01:26Z" finished-at="2010-11-27T22:01:26Z">
        </test-method>
        <test-method status="PASS" signature="testNoDependencies()" name="testNoDependencies" duration-ms="0" started-at="2010-11-27T22:01:26Z" finished-at="2010-11-27T22:01:26Z">
        </test-method>
        <test-method status="PASS" signature="testDependency()" name="testDependency" duration-ms="1" started-at="2010-11-27T22:01:26Z" finished-at="2010-11-27T22:01:26Z">
        </test-method>
        <test-method status="PASS" signature="testOverride()" name="testOverride" duration-ms="0" started-at="2010-11-27T22:01:26Z" finished-at="2010-11-27T22:01:26Z">
        </test-method>
        <test-method status="PASS" signature="testCircularDependency()" name="testCircularDependency" duration-ms="0" started-at="2010-11-27T22:01:26Z" finished-at="2010-11-27T22:01:26Z">
        </test-method>
        <test-method status="PASS" signature="testComponentByClassDependency()" name="testComponentByClassDependency" duration-ms="0" started-at="2010-11-27T22:01:26Z" finished-at="2010-11-27T22:01:26Z">
        </test-method>
        <test-method status="PASS" signature="testUnmetDueToOverride()" name="testUnmetDueToOverride" duration-ms="1" started-at="2010-11-27T22:01:26Z" finished-at="2010-11-27T22:01:26Z">
        </test-method>
        <test-method status="PASS" signature="testNoComponents()" name="testNoComponents" duration-ms="0" started-at="2010-11-27T22:01:26Z" finished-at="2010-11-27T22:01:26Z">
        </test-method>
      </class>
      <class name="org.jboss.seam.test.unit.web.IdentityRequestWrapperTest">
        <test-method status="PASS" signature="testWithSeamSecurityDisabled()" name="testWithSeamSecurityDisabled" duration-ms="1" started-at="2010-11-27T22:01:29Z" finished-at="2010-11-27T22:01:29Z">
        </test-method>
        <test-method status="PASS" signature="testWithSeamSecurityEnabled()" name="testWithSeamSecurityEnabled" duration-ms="2" started-at="2010-11-27T22:01:29Z" finished-at="2010-11-27T22:01:29Z">
        </test-method>
      </class>
      <class name="org.jboss.seam.test.unit.ExpressionsTest">
        <test-method status="PASS" signature="testExpressionResolvedInFacesELContext()" name="testExpressionResolvedInFacesELContext" duration-ms="65" started-at="2010-11-27T22:01:26Z" finished-at="2010-11-27T22:01:26Z">
        </test-method>
      </class>
      <class name="org.jboss.seam.test.unit.bpm.ActorTest">
        <test-method status="PASS" signature="testActorDirtyChecking()" name="testActorDirtyChecking" duration-ms="2" started-at="2010-11-27T22:01:28Z" finished-at="2010-11-27T22:01:28Z">
        </test-method>
      </class>
      <class name="org.jboss.seam.test.unit.PageActionsTest">
        <test-method status="PASS" signature="setup()" name="setup" is-config="true" duration-ms="21" started-at="2010-11-27T22:01:27Z" finished-at="2010-11-27T22:01:27Z">
        </test-method>
        <test-method status="PASS" signature="setup()" name="setup" is-config="true" duration-ms="10" started-at="2010-11-27T22:01:27Z" finished-at="2010-11-27T22:01:27Z">
        </test-method>
        <test-method status="PASS" signature="tearDown()" name="tearDown" is-config="true" duration-ms="0" started-at="2010-11-27T22:01:27Z" finished-at="2010-11-27T22:01:27Z">
        </test-method>
        <test-method status="PASS" signature="tearDown()" name="tearDown" is-config="true" duration-ms="0" started-at="2010-11-27T22:01:27Z" finished-at="2010-11-27T22:01:27Z">
        </test-method>
        <test-method status="PASS" signature="testShortCircuitOnNonNullOutcome()" name="testShortCircuitOnNonNullOutcome" duration-ms="7" started-at="2010-11-27T22:01:27Z" finished-at="2010-11-27T22:01:27Z">
        </test-method>
        <test-method status="PASS" signature="tearDown()" name="tearDown" is-config="true" duration-ms="0" started-at="2010-11-27T22:01:27Z" finished-at="2010-11-27T22:01:27Z">
        </test-method>
        <test-method status="PASS" signature="setup()" name="setup" is-config="true" duration-ms="13" started-at="2010-11-27T22:01:27Z" finished-at="2010-11-27T22:01:27Z">
        </test-method>
        <test-method status="PASS" signature="tearDown()" name="tearDown" is-config="true" duration-ms="0" started-at="2010-11-27T22:01:27Z" finished-at="2010-11-27T22:01:27Z">
        </test-method>
        <test-method status="PASS" signature="testShortCircuitInMiddle()" name="testShortCircuitInMiddle" duration-ms="1" started-at="2010-11-27T22:01:27Z" finished-at="2010-11-27T22:01:27Z">
        </test-method>
        <test-method status="PASS" signature="tearDown()" name="tearDown" is-config="true" duration-ms="0" started-at="2010-11-27T22:01:27Z" finished-at="2010-11-27T22:01:27Z">
        </test-method>
        <test-method status="PASS" signature="setup()" name="setup" is-config="true" duration-ms="19" started-at="2010-11-27T22:01:27Z" finished-at="2010-11-27T22:01:27Z">
        </test-method>
        <test-method status="PASS" signature="testPostbackConditionOnPageAction()" name="testPostbackConditionOnPageAction" duration-ms="1" started-at="2010-11-27T22:01:27Z" finished-at="2010-11-27T22:01:27Z">
        </test-method>
        <test-method status="PASS" signature="testShortCircuitOnNullOutcome()" name="testShortCircuitOnNullOutcome" duration-ms="1" started-at="2010-11-27T22:01:27Z" finished-at="2010-11-27T22:01:27Z">
        </test-method>
        <test-method status="PASS" signature="testShortCircuitOnNonNullOutcomeWithRedirect()" name="testShortCircuitOnNonNullOutcomeWithRedirect" duration-ms="1" started-at="2010-11-27T22:01:27Z" finished-at="2010-11-27T22:01:27Z">
        </test-method>
        <test-method status="PASS" signature="tearDown()" name="tearDown" is-config="true" duration-ms="0" started-at="2010-11-27T22:01:27Z" finished-at="2010-11-27T22:01:27Z">
        </test-method>
        <test-method status="PASS" signature="setup()" name="setup" is-config="true" duration-ms="10" started-at="2010-11-27T22:01:27Z" finished-at="2010-11-27T22:01:27Z">
        </test-method>
        <test-method status="PASS" signature="setup()" name="setup" is-config="true" duration-ms="42" started-at="2010-11-27T22:01:27Z" finished-at="2010-11-27T22:01:27Z">
        </test-method>
        <test-method status="PASS" signature="testShortCircuitOnNonNullOutcomeToSamePage()" name="testShortCircuitOnNonNullOutcomeToSamePage" duration-ms="1" started-at="2010-11-27T22:01:27Z" finished-at="2010-11-27T22:01:27Z">
        </test-method>
      </class>
      <class name="org.jboss.seam.test.unit.ComponentTest">
        <test-method status="PASS" signature="testStaticMethods()" name="testStaticMethods" duration-ms="0" started-at="2010-11-27T22:01:26Z" finished-at="2010-11-27T22:01:26Z">
        </test-method>
        <test-method status="PASS" signature="testComponent()" name="testComponent" duration-ms="15" started-at="2010-11-27T22:01:26Z" finished-at="2010-11-27T22:01:26Z">
        </test-method>
      </class>
      <class name="org.jboss.seam.test.unit.PageflowConfigurationTest">
        <test-method status="FAIL" signature="testOne()" name="testOne" duration-ms="474" started-at="2010-11-27T22:01:28Z" finished-at="2010-11-27T22:01:28Z">
          <exception class="java.lang.NoClassDefFoundError">
            <message>
              <![CDATA[Could not initialize class org.slf4j.LoggerFactory]]>
            </message>
            <full-stacktrace>
              <![CDATA[java.lang.NoClassDefFoundError: Could not initialize class org.slf4j.LoggerFactory
	at org.hibernate.cfg.Configuration.<clinit>(Configuration.java:151)
	at org.jbpm.db.hibernate.HibernateHelper.createConfiguration(HibernateHelper.java:84)
	at org.jbpm.persistence.db.DbPersistenceServiceFactory.getConfiguration(DbPersistenceServiceFactory.java:69)
	at org.jbpm.persistence.db.DbPersistenceServiceFactory.getSessionFactory(DbPersistenceServiceFactory.java:97)
	at org.jbpm.persistence.db.DbPersistenceService.getSessionFactory(DbPersistenceService.java:94)
	at org.jbpm.persistence.db.DbPersistenceService.getSession(DbPersistenceService.java:99)
	at org.jbpm.persistence.db.DbPersistenceService.getJobSession(DbPersistenceService.java:346)
	at org.jbpm.JbpmContext.getJobSession(JbpmContext.java:610)
	at org.jbpm.msg.db.DbMessageService.<init>(DbMessageService.java:43)
	at org.jbpm.msg.db.DbMessageServiceFactory.openService(DbMessageServiceFactory.java:32)
	at org.jbpm.svc.Services.getService(Services.java:149)
	at org.jbpm.svc.Services.getMessageService(Services.java:182)
	at org.jbpm.graph.exe.ProcessInstance.end(ProcessInstance.java:354)
	at org.jbpm.graph.exe.Token.notifyParentOfTokenEnd(Token.java:343)
	at org.jbpm.graph.exe.Token.end(Token.java:316)
	at org.jbpm.graph.exe.Token.end(Token.java:264)
	at org.jbpm.graph.node.EndState.execute(EndState.java:76)
	at org.jbpm.graph.def.Node.enter(Node.java:381)
	at org.jbpm.graph.def.Transition.take(Transition.java:162)
	at org.jbpm.graph.def.Node.leave(Node.java:450)
	at org.jbpm.graph.exe.Token.signal(Token.java:208)
	at org.jbpm.graph.exe.Token.signal(Token.java:142)
	at org.jbpm.graph.exe.ProcessInstance.signal(ProcessInstance.java:293)
	at org.jboss.seam.test.unit.PageflowConfigurationTest.testOne(PageflowConfigurationTest.java:31)
	at sun.reflect.NativeMethodAccessorImpl.invoke0(Native Method)
	at sun.reflect.NativeMethodAccessorImpl.invoke(NativeMethodAccessorImpl.java:39)
	at sun.reflect.DelegatingMethodAccessorImpl.invoke(DelegatingMethodAccessorImpl.java:25)
	at java.lang.reflect.Method.invoke(Method.java:597)
	at org.testng.internal.MethodHelper.invokeMethod(MethodHelper.java:607)
	at org.testng.internal.Invoker.invokeMethod(Invoker.java:517)
	at org.testng.internal.Invoker.invokeTestMethod(Invoker.java:669)
	at org.testng.internal.Invoker.invokeTestMethods(Invoker.java:956)
	at org.testng.internal.TestMethodWorker.invokeTestMethods(TestMethodWorker.java:126)
	at org.testng.internal.TestMethodWorker.run(TestMethodWorker.java:110)
	at org.testng.TestRunner.runWorkers(TestRunner.java:759)
	at org.testng.TestRunner.privateRun(TestRunner.java:592)
	at org.testng.TestRunner.run(TestRunner.java:486)
	at org.testng.SuiteRunner.runTest(SuiteRunner.java:332)
	at org.testng.SuiteRunner.runSequentially(SuiteRunner.java:327)
	at org.testng.SuiteRunner.privateRun(SuiteRunner.java:299)
	at org.testng.SuiteRunner.run(SuiteRunner.java:204)
	at org.testng.TestNG.createAndRunSuiteRunners(TestNG.java:877)
	at org.testng.TestNG.runSuitesLocally(TestNG.java:842)
	at org.testng.TestNG.run(TestNG.java:751)
	at org.apache.maven.surefire.testng.TestNGExecutor.run(TestNGExecutor.java:62)
	at org.apache.maven.surefire.testng.TestNGDirectoryTestSuite.execute(TestNGDirectoryTestSuite.java:141)
	at org.apache.maven.surefire.Surefire.run(Surefire.java:177)
	at sun.reflect.NativeMethodAccessorImpl.invoke0(Native Method)
	at sun.reflect.NativeMethodAccessorImpl.invoke(NativeMethodAccessorImpl.java:39)
	at sun.reflect.DelegatingMethodAccessorImpl.invoke(DelegatingMethodAccessorImpl.java:25)
	at java.lang.reflect.Method.invoke(Method.java:597)
	at org.apache.maven.surefire.booter.SurefireBooter.runSuitesInProcess(SurefireBooter.java:345)
	at org.apache.maven.surefire.booter.SurefireBooter.main(SurefireBooter.java:1009)
]]>
            </full-stacktrace>
          </exception>
        </test-method>
      </class>
      <class name="org.jboss.seam.test.unit.PasswordHashTest">
        <test-method status="PASS" signature="testShaHash()" name="testShaHash" duration-ms="0" started-at="2010-11-27T22:01:28Z" finished-at="2010-11-27T22:01:28Z">
        </test-method>
        <test-method status="PASS" signature="testMd5Hash()" name="testMd5Hash" duration-ms="7" started-at="2010-11-27T22:01:28Z" finished-at="2010-11-27T22:01:28Z">
        </test-method>
      </class>
      <class name="org.jboss.seam.test.unit.PageflowTest">
        <test-method status="PASS" signature="testPageflowWithStartPage()" name="testPageflowWithStartPage" duration-ms="68" started-at="2010-11-27T22:01:28Z" finished-at="2010-11-27T22:01:28Z">
        </test-method>
        <test-method status="PASS" signature="testPageflowWithStartPageAttribute()" name="testPageflowWithStartPageAttribute" duration-ms="55" started-at="2010-11-27T22:01:28Z" finished-at="2010-11-27T22:01:28Z">
        </test-method>
        <test-method status="FAIL" signature="testOrderPageflow()" name="testOrderPageflow" duration-ms="164" started-at="2010-11-27T22:01:28Z" finished-at="2010-11-27T22:01:28Z">
          <exception class="java.lang.NoClassDefFoundError">
            <message>
              <![CDATA[Could not initialize class org.hibernate.cfg.Configuration]]>
            </message>
            <full-stacktrace>
              <![CDATA[java.lang.NoClassDefFoundError: Could not initialize class org.hibernate.cfg.Configuration
	at org.jbpm.db.hibernate.HibernateHelper.createConfiguration(HibernateHelper.java:84)
	at org.jbpm.persistence.db.DbPersistenceServiceFactory.getConfiguration(DbPersistenceServiceFactory.java:69)
	at org.jbpm.persistence.db.DbPersistenceServiceFactory.getSessionFactory(DbPersistenceServiceFactory.java:97)
	at org.jbpm.persistence.db.DbPersistenceService.getSessionFactory(DbPersistenceService.java:94)
	at org.jbpm.persistence.db.DbPersistenceService.getSession(DbPersistenceService.java:99)
	at org.jbpm.persistence.db.DbPersistenceService.assignId(DbPersistenceService.java:317)
	at org.jbpm.svc.Services.assignId(Services.java:266)
	at org.jbpm.graph.exe.Token.<init>(Token.java:100)
	at org.jbpm.graph.exe.ProcessInstance.<init>(ProcessInstance.java:133)
	at org.jbpm.graph.exe.ProcessInstance.<init>(ProcessInstance.java:94)
	at org.jboss.seam.test.unit.PageflowTest.testOrderPageflow(PageflowTest.java:103)
	at sun.reflect.NativeMethodAccessorImpl.invoke0(Native Method)
	at sun.reflect.NativeMethodAccessorImpl.invoke(NativeMethodAccessorImpl.java:39)
	at sun.reflect.DelegatingMethodAccessorImpl.invoke(DelegatingMethodAccessorImpl.java:25)
	at java.lang.reflect.Method.invoke(Method.java:597)
	at org.testng.internal.MethodHelper.invokeMethod(MethodHelper.java:607)
	at org.testng.internal.Invoker.invokeMethod(Invoker.java:517)
	at org.testng.internal.Invoker.invokeTestMethod(Invoker.java:669)
	at org.testng.internal.Invoker.invokeTestMethods(Invoker.java:956)
	at org.testng.internal.TestMethodWorker.invokeTestMethods(TestMethodWorker.java:126)
	at org.testng.internal.TestMethodWorker.run(TestMethodWorker.java:110)
	at org.testng.TestRunner.runWorkers(TestRunner.java:759)
	at org.testng.TestRunner.privateRun(TestRunner.java:592)
	at org.testng.TestRunner.run(TestRunner.java:486)
	at org.testng.SuiteRunner.runTest(SuiteRunner.java:332)
	at org.testng.SuiteRunner.runSequentially(SuiteRunner.java:327)
	at org.testng.SuiteRunner.privateRun(SuiteRunner.java:299)
	at org.testng.SuiteRunner.run(SuiteRunner.java:204)
	at org.testng.TestNG.createAndRunSuiteRunners(TestNG.java:877)
	at org.testng.TestNG.runSuitesLocally(TestNG.java:842)
	at org.testng.TestNG.run(TestNG.java:751)
	at org.apache.maven.surefire.testng.TestNGExecutor.run(TestNGExecutor.java:62)
	at org.apache.maven.surefire.testng.TestNGDirectoryTestSuite.execute(TestNGDirectoryTestSuite.java:141)
	at org.apache.maven.surefire.Surefire.run(Surefire.java:177)
	at sun.reflect.NativeMethodAccessorImpl.invoke0(Native Method)
	at sun.reflect.NativeMethodAccessorImpl.invoke(NativeMethodAccessorImpl.java:39)
	at sun.reflect.DelegatingMethodAccessorImpl.invoke(DelegatingMethodAccessorImpl.java:25)
	at java.lang.reflect.Method.invoke(Method.java:597)
	at org.apache.maven.surefire.booter.SurefireBooter.runSuitesInProcess(SurefireBooter.java:345)
	at org.apache.maven.surefire.booter.SurefireBooter.main(SurefireBooter.java:1009)
]]>
            </full-stacktrace>
          </exception>
        </test-method>
        <test-method status="PASS" signature="testPageflowWithStartState()" name="testPageflowWithStartState" duration-ms="76" started-at="2010-11-27T22:01:28Z" finished-at="2010-11-27T22:01:28Z">
        </test-method>
      </class>
    </test>
  </suite>
</testng-results>
