<?xml version="1.0" encoding="UTF-8"?>
<!-- Generated by org.testng.reporters.JUnitReportReporter -->
<testsuite hostname="kraken" name="org.jboss.seam.test.unit.PageParamTest" tests="9" failures="0" timestamp="30 Dec 2010 22:42:11 GMT" time="0,094" errors="0">
  <testcase name="testDateConverter" time="0,006" classname="org.jboss.seam.test.unit.PageParamTest"/>
  <testcase name="testGetCallAction" time="0,003" classname="org.jboss.seam.test.unit.PageParamTest">
    <error type="java.lang.IllegalArgumentException" message="EL expressions are not allowed in actionOutcome parameter">
      <![CDATA[java.lang.IllegalArgumentException: EL expressions are not allowed in actionOutcome parameter
	at org.jboss.seam.navigation.Pages.callAction(Pages.java:690)
	at org.jboss.seam.navigation.Pages.preRender(Pages.java:331)
	at org.jboss.seam.test.unit.PageParamTest.testGetCallAction(PageParamTest.java:48)
	at sun.reflect.NativeMethodAccessorImpl.invoke0(Native Method)
	at sun.reflect.NativeMethodAccessorImpl.invoke(NativeMethodAccessorImpl.java:39)
	at sun.reflect.DelegatingMethodAccessorImpl.invoke(DelegatingMethodAccessorImpl.java:25)
	at java.lang.reflect.Method.invoke(Method.java:597)
	at org.testng.internal.MethodInvocationHelper.invokeMethod(MethodInvocationHelper.java:74)
	at org.testng.internal.Invoker.invokeMethod(Invoker.java:675)
	at org.testng.internal.Invoker.invokeTestMethod(Invoker.java:848)
	at org.testng.internal.Invoker.invokeTestMethods(Invoker.java:1170)
	at org.testng.internal.TestMethodWorker.invokeTestMethods(TestMethodWorker.java:125)
	at org.testng.internal.TestMethodWorker.run(TestMethodWorker.java:109)
	at org.testng.TestRunner.runWorkers(TestRunner.java:1119)
	at org.testng.TestRunner.privateRun(TestRunner.java:744)
	at org.testng.TestRunner.run(TestRunner.java:600)
	at org.testng.SuiteRunner.runTest(SuiteRunner.java:315)
	at org.testng.SuiteRunner.runSequentially(SuiteRunner.java:310)
	at org.testng.SuiteRunner.privateRun(SuiteRunner.java:272)
	at org.testng.SuiteRunner.run(SuiteRunner.java:221)
	at org.testng.SuiteRunnerWorker.runSuite(SuiteRunnerWorker.java:52)
	at org.testng.SuiteRunnerWorker.run(SuiteRunnerWorker.java:86)
	at org.testng.TestNG.runSuitesSequentially(TestNG.java:945)
	at org.testng.TestNG.runSuitesLocally(TestNG.java:884)
	at org.testng.TestNG.run(TestNG.java:818)
	at org.testng.remote.RemoteTestNG.run(RemoteTestNG.java:96)
	at org.testng.remote.RemoteTestNG.main(RemoteTestNG.java:179)
]]>
    </error>
  </testcase>
  <testcase name="testGetCallActionEscaped" time="0,001" classname="org.jboss.seam.test.unit.PageParamTest">
    <error type="java.lang.IllegalArgumentException" message="EL expressions are not allowed in actionOutcome parameter">
      <![CDATA[java.lang.IllegalArgumentException: EL expressions are not allowed in actionOutcome parameter
	at org.jboss.seam.navigation.Pages.callAction(Pages.java:690)
	at org.jboss.seam.navigation.Pages.preRender(Pages.java:331)
	at org.jboss.seam.test.unit.PageParamTest.testGetCallActionEscaped(PageParamTest.java:57)
	at sun.reflect.NativeMethodAccessorImpl.invoke0(Native Method)
	at sun.reflect.NativeMethodAccessorImpl.invoke(NativeMethodAccessorImpl.java:39)
	at sun.reflect.DelegatingMethodAccessorImpl.invoke(DelegatingMethodAccessorImpl.java:25)
	at java.lang.reflect.Method.invoke(Method.java:597)
	at org.testng.internal.MethodInvocationHelper.invokeMethod(MethodInvocationHelper.java:74)
	at org.testng.internal.Invoker.invokeMethod(Invoker.java:675)
	at org.testng.internal.Invoker.invokeTestMethod(Invoker.java:848)
	at org.testng.internal.Invoker.invokeTestMethods(Invoker.java:1170)
	at org.testng.internal.TestMethodWorker.invokeTestMethods(TestMethodWorker.java:125)
	at org.testng.internal.TestMethodWorker.run(TestMethodWorker.java:109)
	at org.testng.TestRunner.runWorkers(TestRunner.java:1119)
	at org.testng.TestRunner.privateRun(TestRunner.java:744)
	at org.testng.TestRunner.run(TestRunner.java:600)
	at org.testng.SuiteRunner.runTest(SuiteRunner.java:315)
	at org.testng.SuiteRunner.runSequentially(SuiteRunner.java:310)
	at org.testng.SuiteRunner.privateRun(SuiteRunner.java:272)
	at org.testng.SuiteRunner.run(SuiteRunner.java:221)
	at org.testng.SuiteRunnerWorker.runSuite(SuiteRunnerWorker.java:52)
	at org.testng.SuiteRunnerWorker.run(SuiteRunnerWorker.java:86)
	at org.testng.TestNG.runSuitesSequentially(TestNG.java:945)
	at org.testng.TestNG.runSuitesLocally(TestNG.java:884)
	at org.testng.TestNG.run(TestNG.java:818)
	at org.testng.remote.RemoteTestNG.run(RemoteTestNG.java:96)
	at org.testng.remote.RemoteTestNG.main(RemoteTestNG.java:179)
]]>
    </error>
  </testcase>
  <testcase name="testValidateModelWithValidValue" time="0,001" classname="org.jboss.seam.test.unit.PageParamTest"/>
  <testcase name="testValidateModelWithInvalidValue" time="0,065" classname="org.jboss.seam.test.unit.PageParamTest">
    <error type="javax.faces.validator.ValidatorException" message="&#039;value&#039; parameter is invalid: délka musí být mezi 3 a 10">
      <![CDATA[javax.faces.validator.ValidatorException: 'value' parameter is invalid: délka musí být mezi 3 a 10
	at org.jboss.seam.navigation.Param.validateConvertedValue(Param.java:271)
	at org.jboss.seam.test.unit.PageParamTest.testValidateModelWithInvalidValue(PageParamTest.java:96)
	at sun.reflect.NativeMethodAccessorImpl.invoke0(Native Method)
	at sun.reflect.NativeMethodAccessorImpl.invoke(NativeMethodAccessorImpl.java:39)
	at sun.reflect.DelegatingMethodAccessorImpl.invoke(DelegatingMethodAccessorImpl.java:25)
	at java.lang.reflect.Method.invoke(Method.java:597)
	at org.testng.internal.MethodInvocationHelper.invokeMethod(MethodInvocationHelper.java:74)
	at org.testng.internal.Invoker.invokeMethod(Invoker.java:675)
	at org.testng.internal.Invoker.invokeTestMethod(Invoker.java:848)
	at org.testng.internal.Invoker.invokeTestMethods(Invoker.java:1170)
	at org.testng.internal.TestMethodWorker.invokeTestMethods(TestMethodWorker.java:125)
	at org.testng.internal.TestMethodWorker.run(TestMethodWorker.java:109)
	at org.testng.TestRunner.runWorkers(TestRunner.java:1119)
	at org.testng.TestRunner.privateRun(TestRunner.java:744)
	at org.testng.TestRunner.run(TestRunner.java:600)
	at org.testng.SuiteRunner.runTest(SuiteRunner.java:315)
	at org.testng.SuiteRunner.runSequentially(SuiteRunner.java:310)
	at org.testng.SuiteRunner.privateRun(SuiteRunner.java:272)
	at org.testng.SuiteRunner.run(SuiteRunner.java:221)
	at org.testng.SuiteRunnerWorker.runSuite(SuiteRunnerWorker.java:52)
	at org.testng.SuiteRunnerWorker.run(SuiteRunnerWorker.java:86)
	at org.testng.TestNG.runSuitesSequentially(TestNG.java:945)
	at org.testng.TestNG.runSuitesLocally(TestNG.java:884)
	at org.testng.TestNG.run(TestNG.java:818)
	at org.testng.remote.RemoteTestNG.run(RemoteTestNG.java:96)
	at org.testng.remote.RemoteTestNG.main(RemoteTestNG.java:179)
]]>
    </error>
  </testcase>
  <testcase name="testGetValidatorById" time="0,001" classname="org.jboss.seam.test.unit.PageParamTest"/>
  <testcase name="testConverterIsNullForNonFacesValueExpression" time="0,001" classname="org.jboss.seam.test.unit.PageParamTest"/>
  <testcase name="testValidateModelDisabled" time="0,009" classname="org.jboss.seam.test.unit.PageParamTest"/>
  <testcase name="testGetConverterById" time="0,007" classname="org.jboss.seam.test.unit.PageParamTest"/>
</testsuite>
