<?xml version="1.0" encoding="UTF-8"?>
<testsuite name="Command line test" failures="4" tests="93" time="3.006" errors="0">
  <properties/>
  <testcase name="testComponent" time="0.015" classname="org.jboss.seam.test.unit.ComponentTest"/>
  <testcase name="testStaticMethods" time="0.0" classname="org.jboss.seam.test.unit.ComponentTest"/>
  <testcase name="testContextManagement" time="0.068" classname="org.jboss.seam.test.unit.ContextTest"/>
  <testcase name="testContexts" time="0.0050" classname="org.jboss.seam.test.unit.ContextTest"/>
  <testcase name="testOverride2" time="0.0030" classname="org.jboss.seam.test.unit.DependencyTest"/>
  <testcase name="testClassDependency" time="0.0010" classname="org.jboss.seam.test.unit.DependencyTest"/>
  <testcase name="testNoDependencies" time="0.0" classname="org.jboss.seam.test.unit.DependencyTest"/>
  <testcase name="testNoComponents" time="0.0" classname="org.jboss.seam.test.unit.DependencyTest"/>
  <testcase name="testCircularDependency" time="0.0" classname="org.jboss.seam.test.unit.DependencyTest"/>
  <testcase name="testDependency" time="0.0010" classname="org.jboss.seam.test.unit.DependencyTest"/>
  <testcase name="testComponentByClassDependency" time="0.0" classname="org.jboss.seam.test.unit.DependencyTest"/>
  <testcase name="testUnmetDueToOverride" time="0.0010" classname="org.jboss.seam.test.unit.DependencyTest"/>
  <testcase name="testOverride" time="0.0" classname="org.jboss.seam.test.unit.DependencyTest"/>
  <testcase name="testNotInstalled" time="0.0" classname="org.jboss.seam.test.unit.DependencyTest"/>
  <testcase name="testExpressionResolvedInFacesELContext" time="0.065" classname="org.jboss.seam.test.unit.ExpressionsTest"/>
  <testcase name="testGetEntityClassOverride" time="0.0030" classname="org.jboss.seam.test.unit.HomeTest"/>
  <testcase name="testReadEntityClassFromTypeParameter" time="0.0040" classname="org.jboss.seam.test.unit.HomeTest"/>
  <testcase name="testCreateInstance" time="0.0090" classname="org.jboss.seam.test.unit.HomeTest"/>
  <testcase name="testInitialization" time="0.428" classname="org.jboss.seam.test.unit.InitializationTest"/>
  <testcase name="testEntityHomeConfiguration" time="0.303" classname="org.jboss.seam.test.unit.InitializationTest"/>
  <testcase name="testEnumPropertyAssignment" time="0.215" classname="org.jboss.seam.test.unit.InitializationTest"/>
  <testcase name="testConversationInterceptor" time="0.0090" classname="org.jboss.seam.test.unit.InterceptorTest"/>
  <testcase name="testCyclicDependencyThowsException" time="0.0050" classname="org.jboss.seam.test.unit.InterceptorTest"/>
  <testcase name="testValidationInterceptor" time="0.011" classname="org.jboss.seam.test.unit.InterceptorTest"/>
  <testcase name="testConversationalInterceptor" time="0.0030" classname="org.jboss.seam.test.unit.InterceptorTest"/>
  <testcase name="testReentrantBijection" time="0.026" classname="org.jboss.seam.test.unit.InterceptorTest"/>
  <testcase name="testRemoveInterceptor" time="0.0030" classname="org.jboss.seam.test.unit.InterceptorTest"/>
  <testcase name="testBijectionInterceptor" time="0.0080" classname="org.jboss.seam.test.unit.InterceptorTest"/>
  <testcase name="testInterpolation" time="0.013" classname="org.jboss.seam.test.unit.InterpolatorTest"/>
  <testcase name="testMeldwareUser" time="0.0010" classname="org.jboss.seam.test.unit.MailTest"/>
  <testcase name="testAuthenticatedMailSession" time="0.034" classname="org.jboss.seam.test.unit.MailTest"/>
  <testcase name="testMailSession" time="0.02" classname="org.jboss.seam.test.unit.MailTest"/>
  <testcase name="testBasicSslMailSession" time="0.0020" classname="org.jboss.seam.test.unit.MailTest"/>
  <testcase name="testBasicMailSession" time="0.0010" classname="org.jboss.seam.test.unit.MailTest"/>
  <testcase name="testJndiMailSession" time="0.037" classname="org.jboss.seam.test.unit.MailTest"/>
  <testcase name="testMissingUsernameMailSession" time="0.0020" classname="org.jboss.seam.test.unit.MailTest"/>
  <testcase name="testAdminMeldwareUser" time="0.0" classname="org.jboss.seam.test.unit.MailTest"/>
  <testcase name="testAuthenticatedSslMailSession" time="0.0020" classname="org.jboss.seam.test.unit.MailTest"/>
  <testcase name="testMissingPasswordMailSession" time="0.0020" classname="org.jboss.seam.test.unit.MailTest"/>
  <testcase name="testSslMailSession" time="0.0020" classname="org.jboss.seam.test.unit.MailTest"/>
  <testcase name="testShortCircuitOnNonNullOutcome" time="0.0070" classname="org.jboss.seam.test.unit.PageActionsTest"/>
  <testcase name="testShortCircuitOnNonNullOutcomeToSamePage" time="0.0010" classname="org.jboss.seam.test.unit.PageActionsTest"/>
  <testcase name="testShortCircuitOnNonNullOutcomeWithRedirect" time="0.0010" classname="org.jboss.seam.test.unit.PageActionsTest"/>
  <testcase name="testShortCircuitOnNullOutcome" time="0.0010" classname="org.jboss.seam.test.unit.PageActionsTest"/>
  <testcase name="testShortCircuitInMiddle" time="0.0010" classname="org.jboss.seam.test.unit.PageActionsTest"/>
  <testcase name="testPostbackConditionOnPageAction" time="0.0010" classname="org.jboss.seam.test.unit.PageActionsTest"/>
  <testcase name="testBeginAndEndRootConversation" time="0.0010" classname="org.jboss.seam.test.unit.PageConversationControlTest"/>
  <testcase name="testBeginNestedAndEndRootConversation" time="0.0010" classname="org.jboss.seam.test.unit.PageConversationControlTest"/>
  <testcase name="testBeginNestedAndEndConversation" time="0.0010" classname="org.jboss.seam.test.unit.PageConversationControlTest"/>
  <testcase name="testHasDescription" time="0.0" classname="org.jboss.seam.test.unit.PageDescriptorTest"/>
  <testcase name="testSwitchEnabledFlag" time="0.0" classname="org.jboss.seam.test.unit.PageDescriptorTest"/>
  <testcase name="testGetAndResolveDescription" time="0.0" classname="org.jboss.seam.test.unit.PageDescriptorTest"/>
  <testcase name="testGetCallActionEscaped" time="0.0040" classname="org.jboss.seam.test.unit.PageParamTest"/>
  <testcase name="testGetCallAction" time="0.0010" classname="org.jboss.seam.test.unit.PageParamTest"/>
  <testcase name="testDateConverter" time="0.028" classname="org.jboss.seam.test.unit.PageParamTest"/>
  <testcase name="testValidateModelDisabled" time="0.0" classname="org.jboss.seam.test.unit.PageParamTest"/>
  <testcase name="testGetConverterById" time="0.0" classname="org.jboss.seam.test.unit.PageParamTest"/>
  <testcase name="testConverterIsNullForNonFacesValueExpression" time="0.0" classname="org.jboss.seam.test.unit.PageParamTest"/>
  <testcase name="testValidateModelWithInvalidValue" time="0.045" classname="org.jboss.seam.test.unit.PageParamTest">
    <failure type="java.lang.NoClassDefFoundError" message="org/slf4j/impl/StaticLoggerBinder">
      <![CDATA[java.lang.NoClassDefFoundError: org/slf4j/impl/StaticLoggerBinder
	at org.slf4j.LoggerFactory.<clinit>(LoggerFactory.java:60)
	at org.hibernate.validator.ClassValidator.<clinit>(ClassValidator.java:53)
	at org.jboss.seam.core.Validators.createValidator(Validators.java:120)
	at org.jboss.seam.core.Validators.getValidator(Validators.java:103)
	at org.jboss.seam.core.Validators.getValidator(Validators.java:86)
	at org.jboss.seam.core.Validators$ValidatingResolver.setValue(Validators.java:191)
	at org.jboss.el.parser.AstPropertySuffix.setValue(AstPropertySuffix.java:73)
	at org.jboss.el.parser.AstValue.setValue(AstValue.java:84)
	at org.jboss.el.ValueExpressionImpl.setValue(ValueExpressionImpl.java:249)
	at org.jboss.seam.core.Validators.validate(Validators.java:136)
	at org.jboss.seam.navigation.Param.validateConvertedValue(Param.java:260)
	at org.jboss.seam.test.unit.PageParamTest.testValidateModelWithInvalidValue(PageParamTest.java:96)
	at org.apache.maven.surefire.testng.TestNGExecutor.run(TestNGExecutor.java:62)
	at org.apache.maven.surefire.testng.TestNGDirectoryTestSuite.execute(TestNGDirectoryTestSuite.java:141)
	at org.apache.maven.surefire.Surefire.run(Surefire.java:177)
	at org.apache.maven.surefire.booter.SurefireBooter.runSuitesInProcess(SurefireBooter.java:345)
	at org.apache.maven.surefire.booter.SurefireBooter.main(SurefireBooter.java:1009)
Caused by: java.lang.ClassNotFoundException: org.slf4j.impl.StaticLoggerBinder
	at java.net.URLClassLoader$1.run(URLClassLoader.java:202)
	at java.security.AccessController.doPrivileged(Native Method)
	at java.net.URLClassLoader.findClass(URLClassLoader.java:190)
	at java.lang.ClassLoader.loadClass(ClassLoader.java:307)
	at sun.misc.Launcher$AppClassLoader.loadClass(Launcher.java:301)
	at java.lang.ClassLoader.loadClass(ClassLoader.java:248)
	... 41 more
... Removed 24 stack frames]]>
    </failure>
  </testcase>
  <testcase name="testGetValidatorById" time="0.0010" classname="org.jboss.seam.test.unit.PageParamTest"/>
  <testcase name="testValidateModelWithValidValue" time="0.0010" classname="org.jboss.seam.test.unit.PageParamTest">
    <failure type="java.lang.NoClassDefFoundError" message="Could not initialize class org.hibernate.validator.ClassValidator">
      <![CDATA[java.lang.NoClassDefFoundError: Could not initialize class org.hibernate.validator.ClassValidator
	at org.jboss.seam.core.Validators.createValidator(Validators.java:120)
	at org.jboss.seam.core.Validators.getValidator(Validators.java:103)
	at org.jboss.seam.core.Validators.getValidator(Validators.java:86)
	at org.jboss.seam.core.Validators$ValidatingResolver.setValue(Validators.java:191)
	at org.jboss.el.parser.AstPropertySuffix.setValue(AstPropertySuffix.java:73)
	at org.jboss.el.parser.AstValue.setValue(AstValue.java:84)
	at org.jboss.el.ValueExpressionImpl.setValue(ValueExpressionImpl.java:249)
	at org.jboss.seam.core.Validators.validate(Validators.java:136)
	at org.jboss.seam.navigation.Param.validateConvertedValue(Param.java:260)
	at org.jboss.seam.test.unit.PageParamTest.testValidateModelWithValidValue(PageParamTest.java:102)
	at org.apache.maven.surefire.testng.TestNGExecutor.run(TestNGExecutor.java:62)
	at org.apache.maven.surefire.testng.TestNGDirectoryTestSuite.execute(TestNGDirectoryTestSuite.java:141)
	at org.apache.maven.surefire.Surefire.run(Surefire.java:177)
	at org.apache.maven.surefire.booter.SurefireBooter.runSuitesInProcess(SurefireBooter.java:345)
	at org.apache.maven.surefire.booter.SurefireBooter.main(SurefireBooter.java:1009)
... Removed 24 stack frames]]>
    </failure>
  </testcase>
  <testcase name="testOne" time="0.474" classname="org.jboss.seam.test.unit.PageflowConfigurationTest">
    <failure type="java.lang.NoClassDefFoundError" message="Could not initialize class org.slf4j.LoggerFactory">
      <![CDATA[java.lang.NoClassDefFoundError: Could not initialize class org.slf4j.LoggerFactory
	at org.hibernate.cfg.Configuration.<clinit>(Configuration.java:151)
	at org.jbpm.db.hibernate.HibernateHelper.createConfiguration(HibernateHelper.java:84)
	at org.jbpm.persistence.db.DbPersistenceServiceFactory.getConfiguration(DbPersistenceServiceFactory.java:69)
	at org.jbpm.persistence.db.DbPersistenceServiceFactory.getSessionFactory(DbPersistenceServiceFactory.java:97)
	at org.jbpm.persistence.db.DbPersistenceService.getSessionFactory(DbPersistenceService.java:94)
	at org.jbpm.persistence.db.DbPersistenceService.getSession(DbPersistenceService.java:99)
	at org.jbpm.persistence.db.DbPersistenceService.getJobSession(DbPersistenceService.java:346)
	at org.jbpm.JbpmContext.getJobSession(JbpmContext.java:610)
	at org.jbpm.msg.db.DbMessageService.<init>(DbMessageService.java:43)
	at org.jbpm.msg.db.DbMessageServiceFactory.openService(DbMessageServiceFactory.java:32)
	at org.jbpm.svc.Services.getService(Services.java:149)
	at org.jbpm.svc.Services.getMessageService(Services.java:182)
	at org.jbpm.graph.exe.ProcessInstance.end(ProcessInstance.java:354)
	at org.jbpm.graph.exe.Token.notifyParentOfTokenEnd(Token.java:343)
	at org.jbpm.graph.exe.Token.end(Token.java:316)
	at org.jbpm.graph.exe.Token.end(Token.java:264)
	at org.jbpm.graph.node.EndState.execute(EndState.java:76)
	at org.jbpm.graph.def.Node.enter(Node.java:381)
	at org.jbpm.graph.def.Transition.take(Transition.java:162)
	at org.jbpm.graph.def.Node.leave(Node.java:450)
	at org.jbpm.graph.exe.Token.signal(Token.java:208)
	at org.jbpm.graph.exe.Token.signal(Token.java:142)
	at org.jbpm.graph.exe.ProcessInstance.signal(ProcessInstance.java:293)
	at org.jboss.seam.test.unit.PageflowConfigurationTest.testOne(PageflowConfigurationTest.java:31)
	at org.apache.maven.surefire.testng.TestNGExecutor.run(TestNGExecutor.java:62)
	at org.apache.maven.surefire.testng.TestNGDirectoryTestSuite.execute(TestNGDirectoryTestSuite.java:141)
	at org.apache.maven.surefire.Surefire.run(Surefire.java:177)
	at org.apache.maven.surefire.booter.SurefireBooter.runSuitesInProcess(SurefireBooter.java:345)
	at org.apache.maven.surefire.booter.SurefireBooter.main(SurefireBooter.java:1009)
... Removed 24 stack frames]]>
    </failure>
  </testcase>
  <testcase name="testPageflowWithStartPage" time="0.068" classname="org.jboss.seam.test.unit.PageflowTest"/>
  <testcase name="testPageflowWithStartState" time="0.076" classname="org.jboss.seam.test.unit.PageflowTest"/>
  <testcase name="testOrderPageflow" time="0.164" classname="org.jboss.seam.test.unit.PageflowTest">
    <failure type="java.lang.NoClassDefFoundError" message="Could not initialize class org.hibernate.cfg.Configuration">
      <![CDATA[java.lang.NoClassDefFoundError: Could not initialize class org.hibernate.cfg.Configuration
	at org.jbpm.db.hibernate.HibernateHelper.createConfiguration(HibernateHelper.java:84)
	at org.jbpm.persistence.db.DbPersistenceServiceFactory.getConfiguration(DbPersistenceServiceFactory.java:69)
	at org.jbpm.persistence.db.DbPersistenceServiceFactory.getSessionFactory(DbPersistenceServiceFactory.java:97)
	at org.jbpm.persistence.db.DbPersistenceService.getSessionFactory(DbPersistenceService.java:94)
	at org.jbpm.persistence.db.DbPersistenceService.getSession(DbPersistenceService.java:99)
	at org.jbpm.persistence.db.DbPersistenceService.assignId(DbPersistenceService.java:317)
	at org.jbpm.svc.Services.assignId(Services.java:266)
	at org.jbpm.graph.exe.Token.<init>(Token.java:100)
	at org.jbpm.graph.exe.ProcessInstance.<init>(ProcessInstance.java:133)
	at org.jbpm.graph.exe.ProcessInstance.<init>(ProcessInstance.java:94)
	at org.jboss.seam.test.unit.PageflowTest.testOrderPageflow(PageflowTest.java:103)
	at org.apache.maven.surefire.testng.TestNGExecutor.run(TestNGExecutor.java:62)
	at org.apache.maven.surefire.testng.TestNGDirectoryTestSuite.execute(TestNGDirectoryTestSuite.java:141)
	at org.apache.maven.surefire.Surefire.run(Surefire.java:177)
	at org.apache.maven.surefire.booter.SurefireBooter.runSuitesInProcess(SurefireBooter.java:345)
	at org.apache.maven.surefire.booter.SurefireBooter.main(SurefireBooter.java:1009)
... Removed 24 stack frames]]>
    </failure>
  </testcase>
  <testcase name="testPageflowWithStartPageAttribute" time="0.055" classname="org.jboss.seam.test.unit.PageflowTest"/>
  <testcase name="testMd5Hash" time="0.0070" classname="org.jboss.seam.test.unit.PasswordHashTest"/>
  <testcase name="testShaHash" time="0.0" classname="org.jboss.seam.test.unit.PasswordHashTest"/>
  <testcase name="testSeamPhaseListenerNewLongRunning" time="0.03" classname="org.jboss.seam.test.unit.PhaseListenerTest"/>
  <testcase name="testSeamPhaseListenerRedirect" time="0.0030" classname="org.jboss.seam.test.unit.PhaseListenerTest"/>
  <testcase name="testSeamPhaseListenerNonFacesRequest" time="0.013" classname="org.jboss.seam.test.unit.PhaseListenerTest"/>
  <testcase name="testSeamPhaseListener" time="0.0040" classname="org.jboss.seam.test.unit.PhaseListenerTest"/>
  <testcase name="testSeamPhaseListenerLongRunning" time="0.0040" classname="org.jboss.seam.test.unit.PhaseListenerTest"/>
  <testcase name="testCountQuery" time="0.027" classname="org.jboss.seam.test.unit.QueryTest"/>
  <testcase name="testActorDirtyChecking" time="0.0020" classname="org.jboss.seam.test.unit.bpm.ActorTest"/>
  <testcase name="testGetPageflowDefinitionFromXml" time="0.065" classname="org.jboss.seam.test.unit.bpm.JbpmTest"/>
  <testcase name="testGetProcessDefinitionFromXml" time="0.05" classname="org.jboss.seam.test.unit.bpm.JbpmTest"/>
  <testcase name="emptyPooledTaskListIfNoGroupActorIds" time="0.0070" classname="org.jboss.seam.test.unit.bpm.TaskListTest"/>
  <testcase name="testModifiedOnlyETag" time="0.0050" classname="org.jboss.seam.test.unit.web.ConditionalRequestTest"/>
  <testcase name="testNotModifiedOnlyETag" time="0.0" classname="org.jboss.seam.test.unit.web.ConditionalRequestTest"/>
  <testcase name="testNotModifiedETagLastModified" time="0.0010" classname="org.jboss.seam.test.unit.web.ConditionalRequestTest"/>
  <testcase name="testModifiedOnlyLastModified" time="0.0" classname="org.jboss.seam.test.unit.web.ConditionalRequestTest"/>
  <testcase name="testModifiedETagLastModified" time="0.0" classname="org.jboss.seam.test.unit.web.ConditionalRequestTest"/>
  <testcase name="testNotModifiedOnlyLastModified" time="0.0010" classname="org.jboss.seam.test.unit.web.ConditionalRequestTest"/>
  <testcase name="testWithSeamSecurityEnabled" time="0.0020" classname="org.jboss.seam.test.unit.web.IdentityRequestWrapperTest"/>
  <testcase name="testWithSeamSecurityDisabled" time="0.0010" classname="org.jboss.seam.test.unit.web.IdentityRequestWrapperTest"/>
  <testcase name="testMultipartRequest" time="0.0050" classname="org.jboss.seam.test.unit.web.MultipartRequestTest"/>
  <testcase name="testBasicInPattern" time="0.0020" classname="org.jboss.seam.test.unit.web.RewriteTest"/>
  <testcase name="testBasicOutPattern" time="0.0010" classname="org.jboss.seam.test.unit.web.RewriteTest"/>
  <testcase name="testSingleArgOutPattern" time="0.0010" classname="org.jboss.seam.test.unit.web.RewriteTest"/>
  <testcase name="testMultiArgInPattern" time="0.0" classname="org.jboss.seam.test.unit.web.RewriteTest"/>
  <testcase name="testSingleArgInPattern" time="0.0010" classname="org.jboss.seam.test.unit.web.RewriteTest"/>
  <testcase name="testMultiArgOutPattern" time="0.0" classname="org.jboss.seam.test.unit.web.RewriteTest"/>
</testsuite>
