<html>
<head>
<title>TestNG:  Seam Unit Tests Pages dot xml</title>
<link href="../testng.css" rel="stylesheet" type="text/css" />
<link href="../my-testng.css" rel="stylesheet" type="text/css" />

<style type="text/css">
.log { display: none;} 
.stack-trace { display: none;} 
</style>
<script type="text/javascript">
<!--
function flip(e) {
  current = e.style.display;
  if (current == 'block') {
    e.style.display = 'none';
    return 0;
  }
  else {
    e.style.display = 'block';
    return 1;
  }
}

function toggleBox(szDivId, elem, msg1, msg2)
{
  var res = -1;  if (document.getElementById) {
    res = flip(document.getElementById(szDivId));
  }
  else if (document.all) {
    // this is the way old msie versions work
    res = flip(document.all[szDivId]);
  }
  if(elem) {
    if(res == 0) elem.innerHTML = msg1; else elem.innerHTML = msg2;
  }

}

function toggleAllBoxes() {
  if (document.getElementsByTagName) {
    d = document.getElementsByTagName('div');
    for (i = 0; i < d.length; i++) {
      if (d[i].className == 'log') {
        flip(d[i]);
      }
    }
  }
}

// -->
</script>

</head>
<body>
<h2 align='center'>Seam Unit Tests Pages dot xml</h2><table border='1' align="center">
<tr>
<td>Tests passed/Failed/Skipped:</td><td>18/0/0</td>
</tr><tr>
<td>Started on:</td><td>Thu Dec 30 23:42:11 CET 2010</td>
</tr>
<tr><td>Total time:</td><td>0 seconds (266 ms)</td>
</tr><tr>
<td>Included groups:</td><td></td>
</tr><tr>
<td>Excluded groups:</td><td></td>
</tr>
</table><p/>
<small><i>(Hover the method name to see the test class name)</i></small><p/>
<table width='100%' border='1' class='invocation-passed'>
<tr><td colspan='4' align='center'><b>PASSED TESTS</b></td></tr>
<tr><td><b>Test method</b></td>
<td width="30%"><b>Exception</b></td>
<td width="10%"><b>Time (seconds)</b></td>
<td><b>Instance</b></td>
</tr>
<tr>
<td title='org.jboss.seam.test.unit.PageParamTest.testConverterIsNullForNonFacesValueExpression()'><b>testConverterIsNullForNonFacesValueExpression</b><br>Test class: org.jboss.seam.test.unit.PageParamTest</td>
<td></td>
<td>0</td>
<td>org.jboss.seam.test.unit.PageParamTest@4bf54c5f</td></tr>
<tr>
<td title='org.jboss.seam.test.unit.PageParamTest.testDateConverter()'><b>testDateConverter</b><br>Test class: org.jboss.seam.test.unit.PageParamTest</td>
<td></td>
<td>0</td>
<td>org.jboss.seam.test.unit.PageParamTest@4bf54c5f</td></tr>
<tr>
<td title='org.jboss.seam.test.unit.PageDescriptorTest.testGetAndResolveDescription()'><b>testGetAndResolveDescription</b><br>Test class: org.jboss.seam.test.unit.PageDescriptorTest</td>
<td></td>
<td>0</td>
<td>org.jboss.seam.test.unit.PageDescriptorTest@18330bf</td></tr>
<tr>
<td title='org.jboss.seam.test.unit.PageParamTest.testGetCallAction()'><b>testGetCallAction</b><br>Test class: org.jboss.seam.test.unit.PageParamTest</td>
<td><div><pre>java.lang.IllegalArgumentException: EL expressions are not allowed in actionOutcome parameter
	at org.jboss.seam.navigation.Pages.callAction(Pages.java:690)
	at org.jboss.seam.navigation.Pages.preRender(Pages.java:331)
	at org.jboss.seam.test.unit.PageParamTest.testGetCallAction(PageParamTest.java:48)
... Removed 24 stack frames</pre></div><a href='#' onClick='toggleBox("stack-trace116032948", this, "Click to show all stack frames", "Click to hide stack frames")'>Click to show all stack frames</a>
<div class='stack-trace' id='stack-trace116032948'><pre>java.lang.IllegalArgumentException: EL expressions are not allowed in actionOutcome parameter
	at org.jboss.seam.navigation.Pages.callAction(Pages.java:690)
	at org.jboss.seam.navigation.Pages.preRender(Pages.java:331)
	at org.jboss.seam.test.unit.PageParamTest.testGetCallAction(PageParamTest.java:48)
	at sun.reflect.NativeMethodAccessorImpl.invoke0(Native Method)
	at sun.reflect.NativeMethodAccessorImpl.invoke(NativeMethodAccessorImpl.java:39)
	at sun.reflect.DelegatingMethodAccessorImpl.invoke(DelegatingMethodAccessorImpl.java:25)
	at java.lang.reflect.Method.invoke(Method.java:597)
	at org.testng.internal.MethodInvocationHelper.invokeMethod(MethodInvocationHelper.java:74)
	at org.testng.internal.Invoker.invokeMethod(Invoker.java:675)
	at org.testng.internal.Invoker.invokeTestMethod(Invoker.java:848)
	at org.testng.internal.Invoker.invokeTestMethods(Invoker.java:1170)
	at org.testng.internal.TestMethodWorker.invokeTestMethods(TestMethodWorker.java:125)
	at org.testng.internal.TestMethodWorker.run(TestMethodWorker.java:109)
	at org.testng.TestRunner.runWorkers(TestRunner.java:1119)
	at org.testng.TestRunner.privateRun(TestRunner.java:744)
	at org.testng.TestRunner.run(TestRunner.java:600)
	at org.testng.SuiteRunner.runTest(SuiteRunner.java:315)
	at org.testng.SuiteRunner.runSequentially(SuiteRunner.java:310)
	at org.testng.SuiteRunner.privateRun(SuiteRunner.java:272)
	at org.testng.SuiteRunner.run(SuiteRunner.java:221)
	at org.testng.SuiteRunnerWorker.runSuite(SuiteRunnerWorker.java:52)
	at org.testng.SuiteRunnerWorker.run(SuiteRunnerWorker.java:86)
	at org.testng.TestNG.runSuitesSequentially(TestNG.java:945)
	at org.testng.TestNG.runSuitesLocally(TestNG.java:884)
	at org.testng.TestNG.run(TestNG.java:818)
	at org.testng.remote.RemoteTestNG.run(RemoteTestNG.java:96)
	at org.testng.remote.RemoteTestNG.main(RemoteTestNG.java:179)
</pre></div></td>
<td>0</td>
<td>org.jboss.seam.test.unit.PageParamTest@4bf54c5f</td></tr>
<tr>
<td title='org.jboss.seam.test.unit.PageParamTest.testGetCallActionEscaped()'><b>testGetCallActionEscaped</b><br>Test class: org.jboss.seam.test.unit.PageParamTest</td>
<td><div><pre>java.lang.IllegalArgumentException: EL expressions are not allowed in actionOutcome parameter
	at org.jboss.seam.navigation.Pages.callAction(Pages.java:690)
	at org.jboss.seam.navigation.Pages.preRender(Pages.java:331)
	at org.jboss.seam.test.unit.PageParamTest.testGetCallActionEscaped(PageParamTest.java:57)
... Removed 24 stack frames</pre></div><a href='#' onClick='toggleBox("stack-trace332322849", this, "Click to show all stack frames", "Click to hide stack frames")'>Click to show all stack frames</a>
<div class='stack-trace' id='stack-trace332322849'><pre>java.lang.IllegalArgumentException: EL expressions are not allowed in actionOutcome parameter
	at org.jboss.seam.navigation.Pages.callAction(Pages.java:690)
	at org.jboss.seam.navigation.Pages.preRender(Pages.java:331)
	at org.jboss.seam.test.unit.PageParamTest.testGetCallActionEscaped(PageParamTest.java:57)
	at sun.reflect.NativeMethodAccessorImpl.invoke0(Native Method)
	at sun.reflect.NativeMethodAccessorImpl.invoke(NativeMethodAccessorImpl.java:39)
	at sun.reflect.DelegatingMethodAccessorImpl.invoke(DelegatingMethodAccessorImpl.java:25)
	at java.lang.reflect.Method.invoke(Method.java:597)
	at org.testng.internal.MethodInvocationHelper.invokeMethod(MethodInvocationHelper.java:74)
	at org.testng.internal.Invoker.invokeMethod(Invoker.java:675)
	at org.testng.internal.Invoker.invokeTestMethod(Invoker.java:848)
	at org.testng.internal.Invoker.invokeTestMethods(Invoker.java:1170)
	at org.testng.internal.TestMethodWorker.invokeTestMethods(TestMethodWorker.java:125)
	at org.testng.internal.TestMethodWorker.run(TestMethodWorker.java:109)
	at org.testng.TestRunner.runWorkers(TestRunner.java:1119)
	at org.testng.TestRunner.privateRun(TestRunner.java:744)
	at org.testng.TestRunner.run(TestRunner.java:600)
	at org.testng.SuiteRunner.runTest(SuiteRunner.java:315)
	at org.testng.SuiteRunner.runSequentially(SuiteRunner.java:310)
	at org.testng.SuiteRunner.privateRun(SuiteRunner.java:272)
	at org.testng.SuiteRunner.run(SuiteRunner.java:221)
	at org.testng.SuiteRunnerWorker.runSuite(SuiteRunnerWorker.java:52)
	at org.testng.SuiteRunnerWorker.run(SuiteRunnerWorker.java:86)
	at org.testng.TestNG.runSuitesSequentially(TestNG.java:945)
	at org.testng.TestNG.runSuitesLocally(TestNG.java:884)
	at org.testng.TestNG.run(TestNG.java:818)
	at org.testng.remote.RemoteTestNG.run(RemoteTestNG.java:96)
	at org.testng.remote.RemoteTestNG.main(RemoteTestNG.java:179)
</pre></div></td>
<td>0</td>
<td>org.jboss.seam.test.unit.PageParamTest@4bf54c5f</td></tr>
<tr>
<td title='org.jboss.seam.test.unit.PageParamTest.testGetConverterById()'><b>testGetConverterById</b><br>Test class: org.jboss.seam.test.unit.PageParamTest</td>
<td></td>
<td>0</td>
<td>org.jboss.seam.test.unit.PageParamTest@4bf54c5f</td></tr>
<tr>
<td title='org.jboss.seam.test.unit.PageParamTest.testGetValidatorById()'><b>testGetValidatorById</b><br>Test class: org.jboss.seam.test.unit.PageParamTest</td>
<td></td>
<td>0</td>
<td>org.jboss.seam.test.unit.PageParamTest@4bf54c5f</td></tr>
<tr>
<td title='org.jboss.seam.test.unit.PageDescriptorTest.testHasDescription()'><b>testHasDescription</b><br>Test class: org.jboss.seam.test.unit.PageDescriptorTest</td>
<td></td>
<td>0</td>
<td>org.jboss.seam.test.unit.PageDescriptorTest@18330bf</td></tr>
<tr>
<td title='org.jboss.seam.test.unit.PageActionsTest.testPostbackConditionOnPageAction()'><b>testPostbackConditionOnPageAction</b><br>Test class: org.jboss.seam.test.unit.PageActionsTest</td>
<td></td>
<td>0</td>
<td>org.jboss.seam.test.unit.PageActionsTest@42f1916f</td></tr>
<tr>
<td title='org.jboss.seam.test.unit.PageActionsTest.testShortCircuitInMiddle()'><b>testShortCircuitInMiddle</b><br>Test class: org.jboss.seam.test.unit.PageActionsTest</td>
<td></td>
<td>0</td>
<td>org.jboss.seam.test.unit.PageActionsTest@42f1916f</td></tr>
<tr>
<td title='org.jboss.seam.test.unit.PageActionsTest.testShortCircuitOnNonNullOutcome()'><b>testShortCircuitOnNonNullOutcome</b><br>Test class: org.jboss.seam.test.unit.PageActionsTest</td>
<td></td>
<td>0</td>
<td>org.jboss.seam.test.unit.PageActionsTest@42f1916f</td></tr>
<tr>
<td title='org.jboss.seam.test.unit.PageActionsTest.testShortCircuitOnNonNullOutcomeToSamePage()'><b>testShortCircuitOnNonNullOutcomeToSamePage</b><br>Test class: org.jboss.seam.test.unit.PageActionsTest</td>
<td></td>
<td>0</td>
<td>org.jboss.seam.test.unit.PageActionsTest@42f1916f</td></tr>
<tr>
<td title='org.jboss.seam.test.unit.PageActionsTest.testShortCircuitOnNonNullOutcomeWithRedirect()'><b>testShortCircuitOnNonNullOutcomeWithRedirect</b><br>Test class: org.jboss.seam.test.unit.PageActionsTest</td>
<td></td>
<td>0</td>
<td>org.jboss.seam.test.unit.PageActionsTest@42f1916f</td></tr>
<tr>
<td title='org.jboss.seam.test.unit.PageActionsTest.testShortCircuitOnNullOutcome()'><b>testShortCircuitOnNullOutcome</b><br>Test class: org.jboss.seam.test.unit.PageActionsTest</td>
<td></td>
<td>0</td>
<td>org.jboss.seam.test.unit.PageActionsTest@42f1916f</td></tr>
<tr>
<td title='org.jboss.seam.test.unit.PageDescriptorTest.testSwitchEnabledFlag()'><b>testSwitchEnabledFlag</b><br>Test class: org.jboss.seam.test.unit.PageDescriptorTest</td>
<td></td>
<td>0</td>
<td>org.jboss.seam.test.unit.PageDescriptorTest@18330bf</td></tr>
<tr>
<td title='org.jboss.seam.test.unit.PageParamTest.testValidateModelDisabled()'><b>testValidateModelDisabled</b><br>Test class: org.jboss.seam.test.unit.PageParamTest</td>
<td></td>
<td>0</td>
<td>org.jboss.seam.test.unit.PageParamTest@4bf54c5f</td></tr>
<tr>
<td title='org.jboss.seam.test.unit.PageParamTest.testValidateModelWithInvalidValue()'><b>testValidateModelWithInvalidValue</b><br>Test class: org.jboss.seam.test.unit.PageParamTest</td>
<td><div><pre>javax.faces.validator.ValidatorException: &apos;value&apos; parameter is invalid: délka musí být mezi 3 a 10
	at org.jboss.seam.navigation.Param.validateConvertedValue(Param.java:271)
	at org.jboss.seam.test.unit.PageParamTest.testValidateModelWithInvalidValue(PageParamTest.java:96)
... Removed 24 stack frames</pre></div><a href='#' onClick='toggleBox("stack-trace2008924061", this, "Click to show all stack frames", "Click to hide stack frames")'>Click to show all stack frames</a>
<div class='stack-trace' id='stack-trace2008924061'><pre>javax.faces.validator.ValidatorException: 'value' parameter is invalid: délka musí být mezi 3 a 10
	at org.jboss.seam.navigation.Param.validateConvertedValue(Param.java:271)
	at org.jboss.seam.test.unit.PageParamTest.testValidateModelWithInvalidValue(PageParamTest.java:96)
	at sun.reflect.NativeMethodAccessorImpl.invoke0(Native Method)
	at sun.reflect.NativeMethodAccessorImpl.invoke(NativeMethodAccessorImpl.java:39)
	at sun.reflect.DelegatingMethodAccessorImpl.invoke(DelegatingMethodAccessorImpl.java:25)
	at java.lang.reflect.Method.invoke(Method.java:597)
	at org.testng.internal.MethodInvocationHelper.invokeMethod(MethodInvocationHelper.java:74)
	at org.testng.internal.Invoker.invokeMethod(Invoker.java:675)
	at org.testng.internal.Invoker.invokeTestMethod(Invoker.java:848)
	at org.testng.internal.Invoker.invokeTestMethods(Invoker.java:1170)
	at org.testng.internal.TestMethodWorker.invokeTestMethods(TestMethodWorker.java:125)
	at org.testng.internal.TestMethodWorker.run(TestMethodWorker.java:109)
	at org.testng.TestRunner.runWorkers(TestRunner.java:1119)
	at org.testng.TestRunner.privateRun(TestRunner.java:744)
	at org.testng.TestRunner.run(TestRunner.java:600)
	at org.testng.SuiteRunner.runTest(SuiteRunner.java:315)
	at org.testng.SuiteRunner.runSequentially(SuiteRunner.java:310)
	at org.testng.SuiteRunner.privateRun(SuiteRunner.java:272)
	at org.testng.SuiteRunner.run(SuiteRunner.java:221)
	at org.testng.SuiteRunnerWorker.runSuite(SuiteRunnerWorker.java:52)
	at org.testng.SuiteRunnerWorker.run(SuiteRunnerWorker.java:86)
	at org.testng.TestNG.runSuitesSequentially(TestNG.java:945)
	at org.testng.TestNG.runSuitesLocally(TestNG.java:884)
	at org.testng.TestNG.run(TestNG.java:818)
	at org.testng.remote.RemoteTestNG.run(RemoteTestNG.java:96)
	at org.testng.remote.RemoteTestNG.main(RemoteTestNG.java:179)
</pre></div></td>
<td>0</td>
<td>org.jboss.seam.test.unit.PageParamTest@4bf54c5f</td></tr>
<tr>
<td title='org.jboss.seam.test.unit.PageParamTest.testValidateModelWithValidValue()'><b>testValidateModelWithValidValue</b><br>Test class: org.jboss.seam.test.unit.PageParamTest</td>
<td></td>
<td>0</td>
<td>org.jboss.seam.test.unit.PageParamTest@4bf54c5f</td></tr>
</table><p>
</body>
</html>