<html>
<head>
<title>TestNG:  Command line test</title>
<link href="../testng.css" rel="stylesheet" type="text/css" />
<link href="../my-testng.css" rel="stylesheet" type="text/css" />

<style type="text/css">
.log { display: none;} 
.stack-trace { display: none;} 
</style>
<script type="text/javascript">
<!--
function flip(e) {
  current = e.style.display;
  if (current == 'block') {
    e.style.display = 'none';
    return 0;
  }
  else {
    e.style.display = 'block';
    return 1;
  }
}

function toggleBox(szDivId, elem, msg1, msg2)
{
  var res = -1;  if (document.getElementById) {
    res = flip(document.getElementById(szDivId));
  }
  else if (document.all) {
    // this is the way old msie versions work
    res = flip(document.all[szDivId]);
  }
  if(elem) {
    if(res == 0) elem.innerHTML = msg1; else elem.innerHTML = msg2;
  }

}

function toggleAllBoxes() {
  if (document.getElementsByTagName) {
    d = document.getElementsByTagName('div');
    for (i = 0; i < d.length; i++) {
      if (d[i].className == 'log') {
        flip(d[i]);
      }
    }
  }
}

// -->
</script>

</head>
<body>
<h2 align='center'>Command line test</h2><table border='1' align="center">
<tr>
<td>Tests passed/Failed/Skipped:</td><td>93/0/0</td>
</tr><tr>
<td>Started on:</td><td>Sun Jan 02 17:55:24 CET 2011</td>
</tr>
<tr><td>Total time:</td><td>2 seconds (2599 ms)</td>
</tr><tr>
<td>Included groups:</td><td></td>
</tr><tr>
<td>Excluded groups:</td><td></td>
</tr>
</table><p/>
<small><i>(Hover the method name to see the test class name)</i></small><p/>
<table width='100%' border='1' class='invocation-passed'>
<tr><td colspan='3' align='center'><b>PASSED TESTS</b></td></tr>
<tr><td><b>Test method</b></td>
<td width="10%"><b>Time (seconds)</b></td>
<td width="30%"><b>Exception</b></td>
</tr>
<tr>
<td title='org.jboss.seam.test.unit.bpm.TaskListTest.emptyPooledTaskListIfNoGroupActorIds()'>emptyPooledTaskListIfNoGroupActorIds</td>
<td>0</td>
<td></td>
</tr>
<tr>
<td title='org.jboss.seam.test.unit.bpm.ActorTest.testActorDirtyChecking()'>testActorDirtyChecking</td>
<td>0</td>
<td></td>
</tr>
<tr>
<td title='org.jboss.seam.test.unit.MailTest.testAdminMeldwareUser()'>testAdminMeldwareUser</td>
<td>0</td>
<td></td>
</tr>
<tr>
<td title='org.jboss.seam.test.unit.MailTest.testAuthenticatedMailSession()'>testAuthenticatedMailSession</td>
<td>0</td>
<td></td>
</tr>
<tr>
<td title='org.jboss.seam.test.unit.MailTest.testAuthenticatedSslMailSession()'>testAuthenticatedSslMailSession</td>
<td>0</td>
<td></td>
</tr>
<tr>
<td title='org.jboss.seam.test.unit.web.RewriteTest.testBasicInPattern()'>testBasicInPattern</td>
<td>0</td>
<td></td>
</tr>
<tr>
<td title='org.jboss.seam.test.unit.MailTest.testBasicMailSession()'>testBasicMailSession</td>
<td>0</td>
<td></td>
</tr>
<tr>
<td title='org.jboss.seam.test.unit.web.RewriteTest.testBasicOutPattern()'>testBasicOutPattern</td>
<td>0</td>
<td></td>
</tr>
<tr>
<td title='org.jboss.seam.test.unit.MailTest.testBasicSslMailSession()'>testBasicSslMailSession</td>
<td>0</td>
<td></td>
</tr>
<tr>
<td title='org.jboss.seam.test.unit.PageConversationControlTest.testBeginAndEndRootConversation()'>testBeginAndEndRootConversation</td>
<td>0</td>
<td></td>
</tr>
<tr>
<td title='org.jboss.seam.test.unit.PageConversationControlTest.testBeginNestedAndEndConversation()'>testBeginNestedAndEndConversation</td>
<td>0</td>
<td></td>
</tr>
<tr>
<td title='org.jboss.seam.test.unit.PageConversationControlTest.testBeginNestedAndEndRootConversation()'>testBeginNestedAndEndRootConversation</td>
<td>0</td>
<td></td>
</tr>
<tr>
<td title='org.jboss.seam.test.unit.InterceptorTest.testBijectionInterceptor()'>testBijectionInterceptor</td>
<td>0</td>
<td></td>
</tr>
<tr>
<td title='org.jboss.seam.test.unit.DependencyTest.testCircularDependency()'>testCircularDependency</td>
<td>0</td>
<td></td>
</tr>
<tr>
<td title='org.jboss.seam.test.unit.DependencyTest.testClassDependency()'>testClassDependency</td>
<td>0</td>
<td></td>
</tr>
<tr>
<td title='org.jboss.seam.test.unit.ComponentTest.testComponent()'>testComponent</td>
<td>0</td>
<td></td>
</tr>
<tr>
<td title='org.jboss.seam.test.unit.DependencyTest.testComponentByClassDependency()'>testComponentByClassDependency</td>
<td>0</td>
<td></td>
</tr>
<tr>
<td title='org.jboss.seam.test.unit.ContextTest.testContextManagement()'>testContextManagement</td>
<td>0</td>
<td></td>
</tr>
<tr>
<td title='org.jboss.seam.test.unit.ContextTest.testContexts()'>testContexts</td>
<td>0</td>
<td></td>
</tr>
<tr>
<td title='org.jboss.seam.test.unit.InterceptorTest.testConversationInterceptor()'>testConversationInterceptor</td>
<td>0</td>
<td></td>
</tr>
<tr>
<td title='org.jboss.seam.test.unit.InterceptorTest.testConversationalInterceptor()'>testConversationalInterceptor</td>
<td>0</td>
<td></td>
</tr>
<tr>
<td title='org.jboss.seam.test.unit.PageParamTest.testConverterIsNullForNonFacesValueExpression()'>testConverterIsNullForNonFacesValueExpression</td>
<td>0</td>
<td></td>
</tr>
<tr>
<td title='org.jboss.seam.test.unit.QueryTest.testCountQuery()'>testCountQuery</td>
<td>0</td>
<td></td>
</tr>
<tr>
<td title='org.jboss.seam.test.unit.HomeTest.testCreateInstance()'>testCreateInstance</td>
<td>0</td>
<td></td>
</tr>
<tr>
<td title='org.jboss.seam.test.unit.InterceptorTest.testCyclicDependencyThowsException()'>testCyclicDependencyThowsException</td>
<td>0</td>
<td></td>
</tr>
<tr>
<td title='org.jboss.seam.test.unit.PageParamTest.testDateConverter()'>testDateConverter</td>
<td>0</td>
<td></td>
</tr>
<tr>
<td title='org.jboss.seam.test.unit.DependencyTest.testDependency()'>testDependency</td>
<td>0</td>
<td></td>
</tr>
<tr>
<td title='org.jboss.seam.test.unit.InitializationTest.testEntityHomeConfiguration()'>testEntityHomeConfiguration</td>
<td>0</td>
<td></td>
</tr>
<tr>
<td title='org.jboss.seam.test.unit.InitializationTest.testEnumPropertyAssignment()'>testEnumPropertyAssignment</td>
<td>0</td>
<td></td>
</tr>
<tr>
<td title='org.jboss.seam.test.unit.ExpressionsTest.testExpressionResolvedInFacesELContext()'>testExpressionResolvedInFacesELContext</td>
<td>0</td>
<td></td>
</tr>
<tr>
<td title='org.jboss.seam.test.unit.PageDescriptorTest.testGetAndResolveDescription()'>testGetAndResolveDescription</td>
<td>0</td>
<td></td>
</tr>
<tr>
<td title='org.jboss.seam.test.unit.PageParamTest.testGetCallAction()'>testGetCallAction</td>
<td>0</td>
<td><div><pre>java.lang.IllegalArgumentException: EL expressions are not allowed in actionOutcome parameter
	at org.jboss.seam.navigation.Pages.callAction(Pages.java:690)
	at org.jboss.seam.navigation.Pages.preRender(Pages.java:331)
	at org.jboss.seam.test.unit.PageParamTest.testGetCallAction(PageParamTest.java:48)
	at org.apache.maven.surefire.testng.TestNGExecutor.run(TestNGExecutor.java:62)
	at org.apache.maven.surefire.testng.TestNGDirectoryTestSuite.execute(TestNGDirectoryTestSuite.java:141)
	at org.apache.maven.surefire.Surefire.run(Surefire.java:177)
	at org.apache.maven.surefire.booter.SurefireBooter.runSuitesInProcess(SurefireBooter.java:345)
	at org.apache.maven.surefire.booter.SurefireBooter.main(SurefireBooter.java:1009)
... Removed 24 stack frames</pre></div><a href='#' onClick='toggleBox("stack-trace1520159108", this, "Click to show all stack frames", "Click to hide stack frames")'>Click to show all stack frames</a>
<div class='stack-trace' id='stack-trace1520159108'><pre>java.lang.IllegalArgumentException: EL expressions are not allowed in actionOutcome parameter
	at org.jboss.seam.navigation.Pages.callAction(Pages.java:690)
	at org.jboss.seam.navigation.Pages.preRender(Pages.java:331)
	at org.jboss.seam.test.unit.PageParamTest.testGetCallAction(PageParamTest.java:48)
	at sun.reflect.NativeMethodAccessorImpl.invoke0(Native Method)
	at sun.reflect.NativeMethodAccessorImpl.invoke(NativeMethodAccessorImpl.java:39)
	at sun.reflect.DelegatingMethodAccessorImpl.invoke(DelegatingMethodAccessorImpl.java:25)
	at java.lang.reflect.Method.invoke(Method.java:597)
	at org.testng.internal.MethodHelper.invokeMethod(MethodHelper.java:607)
	at org.testng.internal.Invoker.invokeMethod(Invoker.java:517)
	at org.testng.internal.Invoker.invokeTestMethod(Invoker.java:669)
	at org.testng.internal.Invoker.invokeTestMethods(Invoker.java:956)
	at org.testng.internal.TestMethodWorker.invokeTestMethods(TestMethodWorker.java:126)
	at org.testng.internal.TestMethodWorker.run(TestMethodWorker.java:110)
	at org.testng.TestRunner.runWorkers(TestRunner.java:759)
	at org.testng.TestRunner.privateRun(TestRunner.java:592)
	at org.testng.TestRunner.run(TestRunner.java:486)
	at org.testng.SuiteRunner.runTest(SuiteRunner.java:332)
	at org.testng.SuiteRunner.runSequentially(SuiteRunner.java:327)
	at org.testng.SuiteRunner.privateRun(SuiteRunner.java:299)
	at org.testng.SuiteRunner.run(SuiteRunner.java:204)
	at org.testng.TestNG.createAndRunSuiteRunners(TestNG.java:877)
	at org.testng.TestNG.runSuitesLocally(TestNG.java:842)
	at org.testng.TestNG.run(TestNG.java:751)
	at org.apache.maven.surefire.testng.TestNGExecutor.run(TestNGExecutor.java:62)
	at org.apache.maven.surefire.testng.TestNGDirectoryTestSuite.execute(TestNGDirectoryTestSuite.java:141)
	at org.apache.maven.surefire.Surefire.run(Surefire.java:177)
	at sun.reflect.NativeMethodAccessorImpl.invoke0(Native Method)
	at sun.reflect.NativeMethodAccessorImpl.invoke(NativeMethodAccessorImpl.java:39)
	at sun.reflect.DelegatingMethodAccessorImpl.invoke(DelegatingMethodAccessorImpl.java:25)
	at java.lang.reflect.Method.invoke(Method.java:597)
	at org.apache.maven.surefire.booter.SurefireBooter.runSuitesInProcess(SurefireBooter.java:345)
	at org.apache.maven.surefire.booter.SurefireBooter.main(SurefireBooter.java:1009)
</pre></div></td>
</tr>
<tr>
<td title='org.jboss.seam.test.unit.PageParamTest.testGetCallActionEscaped()'>testGetCallActionEscaped</td>
<td>0</td>
<td><div><pre>java.lang.IllegalArgumentException: EL expressions are not allowed in actionOutcome parameter
	at org.jboss.seam.navigation.Pages.callAction(Pages.java:690)
	at org.jboss.seam.navigation.Pages.preRender(Pages.java:331)
	at org.jboss.seam.test.unit.PageParamTest.testGetCallActionEscaped(PageParamTest.java:57)
	at org.apache.maven.surefire.testng.TestNGExecutor.run(TestNGExecutor.java:62)
	at org.apache.maven.surefire.testng.TestNGDirectoryTestSuite.execute(TestNGDirectoryTestSuite.java:141)
	at org.apache.maven.surefire.Surefire.run(Surefire.java:177)
	at org.apache.maven.surefire.booter.SurefireBooter.runSuitesInProcess(SurefireBooter.java:345)
	at org.apache.maven.surefire.booter.SurefireBooter.main(SurefireBooter.java:1009)
... Removed 24 stack frames</pre></div><a href='#' onClick='toggleBox("stack-trace371517441", this, "Click to show all stack frames", "Click to hide stack frames")'>Click to show all stack frames</a>
<div class='stack-trace' id='stack-trace371517441'><pre>java.lang.IllegalArgumentException: EL expressions are not allowed in actionOutcome parameter
	at org.jboss.seam.navigation.Pages.callAction(Pages.java:690)
	at org.jboss.seam.navigation.Pages.preRender(Pages.java:331)
	at org.jboss.seam.test.unit.PageParamTest.testGetCallActionEscaped(PageParamTest.java:57)
	at sun.reflect.NativeMethodAccessorImpl.invoke0(Native Method)
	at sun.reflect.NativeMethodAccessorImpl.invoke(NativeMethodAccessorImpl.java:39)
	at sun.reflect.DelegatingMethodAccessorImpl.invoke(DelegatingMethodAccessorImpl.java:25)
	at java.lang.reflect.Method.invoke(Method.java:597)
	at org.testng.internal.MethodHelper.invokeMethod(MethodHelper.java:607)
	at org.testng.internal.Invoker.invokeMethod(Invoker.java:517)
	at org.testng.internal.Invoker.invokeTestMethod(Invoker.java:669)
	at org.testng.internal.Invoker.invokeTestMethods(Invoker.java:956)
	at org.testng.internal.TestMethodWorker.invokeTestMethods(TestMethodWorker.java:126)
	at org.testng.internal.TestMethodWorker.run(TestMethodWorker.java:110)
	at org.testng.TestRunner.runWorkers(TestRunner.java:759)
	at org.testng.TestRunner.privateRun(TestRunner.java:592)
	at org.testng.TestRunner.run(TestRunner.java:486)
	at org.testng.SuiteRunner.runTest(SuiteRunner.java:332)
	at org.testng.SuiteRunner.runSequentially(SuiteRunner.java:327)
	at org.testng.SuiteRunner.privateRun(SuiteRunner.java:299)
	at org.testng.SuiteRunner.run(SuiteRunner.java:204)
	at org.testng.TestNG.createAndRunSuiteRunners(TestNG.java:877)
	at org.testng.TestNG.runSuitesLocally(TestNG.java:842)
	at org.testng.TestNG.run(TestNG.java:751)
	at org.apache.maven.surefire.testng.TestNGExecutor.run(TestNGExecutor.java:62)
	at org.apache.maven.surefire.testng.TestNGDirectoryTestSuite.execute(TestNGDirectoryTestSuite.java:141)
	at org.apache.maven.surefire.Surefire.run(Surefire.java:177)
	at sun.reflect.NativeMethodAccessorImpl.invoke0(Native Method)
	at sun.reflect.NativeMethodAccessorImpl.invoke(NativeMethodAccessorImpl.java:39)
	at sun.reflect.DelegatingMethodAccessorImpl.invoke(DelegatingMethodAccessorImpl.java:25)
	at java.lang.reflect.Method.invoke(Method.java:597)
	at org.apache.maven.surefire.booter.SurefireBooter.runSuitesInProcess(SurefireBooter.java:345)
	at org.apache.maven.surefire.booter.SurefireBooter.main(SurefireBooter.java:1009)
</pre></div></td>
</tr>
<tr>
<td title='org.jboss.seam.test.unit.PageParamTest.testGetConverterById()'>testGetConverterById</td>
<td>0</td>
<td></td>
</tr>
<tr>
<td title='org.jboss.seam.test.unit.HomeTest.testGetEntityClassOverride()'>testGetEntityClassOverride</td>
<td>0</td>
<td></td>
</tr>
<tr>
<td title='org.jboss.seam.test.unit.bpm.JbpmTest.testGetPageflowDefinitionFromXml()'>testGetPageflowDefinitionFromXml</td>
<td>0</td>
<td></td>
</tr>
<tr>
<td title='org.jboss.seam.test.unit.bpm.JbpmTest.testGetProcessDefinitionFromXml()'>testGetProcessDefinitionFromXml</td>
<td>0</td>
<td></td>
</tr>
<tr>
<td title='org.jboss.seam.test.unit.PageParamTest.testGetValidatorById()'>testGetValidatorById</td>
<td>0</td>
<td></td>
</tr>
<tr>
<td title='org.jboss.seam.test.unit.PageDescriptorTest.testHasDescription()'>testHasDescription</td>
<td>0</td>
<td></td>
</tr>
<tr>
<td title='org.jboss.seam.test.unit.InitializationTest.testInitialization()'>testInitialization</td>
<td>0</td>
<td></td>
</tr>
<tr>
<td title='org.jboss.seam.test.unit.InterpolatorTest.testInterpolation()'>testInterpolation</td>
<td>0</td>
<td></td>
</tr>
<tr>
<td title='org.jboss.seam.test.unit.MailTest.testJndiMailSession()'>testJndiMailSession</td>
<td>0</td>
<td></td>
</tr>
<tr>
<td title='org.jboss.seam.test.unit.MailTest.testMailSession()'>testMailSession</td>
<td>0</td>
<td></td>
</tr>
<tr>
<td title='org.jboss.seam.test.unit.PasswordHashTest.testMd5Hash()'>testMd5Hash</td>
<td>0</td>
<td></td>
</tr>
<tr>
<td title='org.jboss.seam.test.unit.MailTest.testMeldwareUser()'>testMeldwareUser</td>
<td>0</td>
<td></td>
</tr>
<tr>
<td title='org.jboss.seam.test.unit.MailTest.testMissingPasswordMailSession()'>testMissingPasswordMailSession</td>
<td>0</td>
<td></td>
</tr>
<tr>
<td title='org.jboss.seam.test.unit.MailTest.testMissingUsernameMailSession()'>testMissingUsernameMailSession</td>
<td>0</td>
<td></td>
</tr>
<tr>
<td title='org.jboss.seam.test.unit.web.ConditionalRequestTest.testModifiedETagLastModified()'>testModifiedETagLastModified</td>
<td>0</td>
<td></td>
</tr>
<tr>
<td title='org.jboss.seam.test.unit.web.ConditionalRequestTest.testModifiedOnlyETag()'>testModifiedOnlyETag</td>
<td>0</td>
<td></td>
</tr>
<tr>
<td title='org.jboss.seam.test.unit.web.ConditionalRequestTest.testModifiedOnlyLastModified()'>testModifiedOnlyLastModified</td>
<td>0</td>
<td></td>
</tr>
<tr>
<td title='org.jboss.seam.test.unit.web.RewriteTest.testMultiArgInPattern()'>testMultiArgInPattern</td>
<td>0</td>
<td></td>
</tr>
<tr>
<td title='org.jboss.seam.test.unit.web.RewriteTest.testMultiArgOutPattern()'>testMultiArgOutPattern</td>
<td>0</td>
<td></td>
</tr>
<tr>
<td title='org.jboss.seam.test.unit.web.MultipartRequestTest.testMultipartRequest()'>testMultipartRequest</td>
<td>0</td>
<td></td>
</tr>
<tr>
<td title='org.jboss.seam.test.unit.DependencyTest.testNoComponents()'>testNoComponents</td>
<td>0</td>
<td></td>
</tr>
<tr>
<td title='org.jboss.seam.test.unit.DependencyTest.testNoDependencies()'>testNoDependencies</td>
<td>0</td>
<td></td>
</tr>
<tr>
<td title='org.jboss.seam.test.unit.DependencyTest.testNotInstalled()'>testNotInstalled</td>
<td>0</td>
<td></td>
</tr>
<tr>
<td title='org.jboss.seam.test.unit.web.ConditionalRequestTest.testNotModifiedETagLastModified()'>testNotModifiedETagLastModified</td>
<td>0</td>
<td></td>
</tr>
<tr>
<td title='org.jboss.seam.test.unit.web.ConditionalRequestTest.testNotModifiedOnlyETag()'>testNotModifiedOnlyETag</td>
<td>0</td>
<td></td>
</tr>
<tr>
<td title='org.jboss.seam.test.unit.web.ConditionalRequestTest.testNotModifiedOnlyLastModified()'>testNotModifiedOnlyLastModified</td>
<td>0</td>
<td></td>
</tr>
<tr>
<td title='org.jboss.seam.test.unit.PageflowConfigurationTest.testOne()'>testOne</td>
<td>0</td>
<td></td>
</tr>
<tr>
<td title='org.jboss.seam.test.unit.PageflowTest.testOrderPageflow()'>testOrderPageflow</td>
<td>0</td>
<td></td>
</tr>
<tr>
<td title='org.jboss.seam.test.unit.DependencyTest.testOverride()'>testOverride</td>
<td>0</td>
<td></td>
</tr>
<tr>
<td title='org.jboss.seam.test.unit.DependencyTest.testOverride2()'>testOverride2</td>
<td>0</td>
<td></td>
</tr>
<tr>
<td title='org.jboss.seam.test.unit.PageflowTest.testPageflowWithStartPage()'>testPageflowWithStartPage</td>
<td>0</td>
<td></td>
</tr>
<tr>
<td title='org.jboss.seam.test.unit.PageflowTest.testPageflowWithStartPageAttribute()'>testPageflowWithStartPageAttribute</td>
<td>0</td>
<td></td>
</tr>
<tr>
<td title='org.jboss.seam.test.unit.PageflowTest.testPageflowWithStartState()'>testPageflowWithStartState</td>
<td>0</td>
<td></td>
</tr>
<tr>
<td title='org.jboss.seam.test.unit.PageActionsTest.testPostbackConditionOnPageAction()'>testPostbackConditionOnPageAction</td>
<td>0</td>
<td></td>
</tr>
<tr>
<td title='org.jboss.seam.test.unit.HomeTest.testReadEntityClassFromTypeParameter()'>testReadEntityClassFromTypeParameter</td>
<td>0</td>
<td></td>
</tr>
<tr>
<td title='org.jboss.seam.test.unit.InterceptorTest.testReentrantBijection()'>testReentrantBijection</td>
<td>0</td>
<td></td>
</tr>
<tr>
<td title='org.jboss.seam.test.unit.InterceptorTest.testRemoveInterceptor()'>testRemoveInterceptor</td>
<td>0</td>
<td></td>
</tr>
<tr>
<td title='org.jboss.seam.test.unit.PhaseListenerTest.testSeamPhaseListener()'>testSeamPhaseListener</td>
<td>0</td>
<td></td>
</tr>
<tr>
<td title='org.jboss.seam.test.unit.PhaseListenerTest.testSeamPhaseListenerLongRunning()'>testSeamPhaseListenerLongRunning</td>
<td>0</td>
<td></td>
</tr>
<tr>
<td title='org.jboss.seam.test.unit.PhaseListenerTest.testSeamPhaseListenerNewLongRunning()'>testSeamPhaseListenerNewLongRunning</td>
<td>0</td>
<td></td>
</tr>
<tr>
<td title='org.jboss.seam.test.unit.PhaseListenerTest.testSeamPhaseListenerNonFacesRequest()'>testSeamPhaseListenerNonFacesRequest</td>
<td>0</td>
<td></td>
</tr>
<tr>
<td title='org.jboss.seam.test.unit.PhaseListenerTest.testSeamPhaseListenerRedirect()'>testSeamPhaseListenerRedirect</td>
<td>0</td>
<td></td>
</tr>
<tr>
<td title='org.jboss.seam.test.unit.PasswordHashTest.testShaHash()'>testShaHash</td>
<td>0</td>
<td></td>
</tr>
<tr>
<td title='org.jboss.seam.test.unit.PageActionsTest.testShortCircuitInMiddle()'>testShortCircuitInMiddle</td>
<td>0</td>
<td></td>
</tr>
<tr>
<td title='org.jboss.seam.test.unit.PageActionsTest.testShortCircuitOnNonNullOutcome()'>testShortCircuitOnNonNullOutcome</td>
<td>0</td>
<td></td>
</tr>
<tr>
<td title='org.jboss.seam.test.unit.PageActionsTest.testShortCircuitOnNonNullOutcomeToSamePage()'>testShortCircuitOnNonNullOutcomeToSamePage</td>
<td>0</td>
<td></td>
</tr>
<tr>
<td title='org.jboss.seam.test.unit.PageActionsTest.testShortCircuitOnNonNullOutcomeWithRedirect()'>testShortCircuitOnNonNullOutcomeWithRedirect</td>
<td>0</td>
<td></td>
</tr>
<tr>
<td title='org.jboss.seam.test.unit.PageActionsTest.testShortCircuitOnNullOutcome()'>testShortCircuitOnNullOutcome</td>
<td>0</td>
<td></td>
</tr>
<tr>
<td title='org.jboss.seam.test.unit.web.RewriteTest.testSingleArgInPattern()'>testSingleArgInPattern</td>
<td>0</td>
<td></td>
</tr>
<tr>
<td title='org.jboss.seam.test.unit.web.RewriteTest.testSingleArgOutPattern()'>testSingleArgOutPattern</td>
<td>0</td>
<td></td>
</tr>
<tr>
<td title='org.jboss.seam.test.unit.MailTest.testSslMailSession()'>testSslMailSession</td>
<td>0</td>
<td></td>
</tr>
<tr>
<td title='org.jboss.seam.test.unit.ComponentTest.testStaticMethods()'>testStaticMethods</td>
<td>0</td>
<td></td>
</tr>
<tr>
<td title='org.jboss.seam.test.unit.PageDescriptorTest.testSwitchEnabledFlag()'>testSwitchEnabledFlag</td>
<td>0</td>
<td></td>
</tr>
<tr>
<td title='org.jboss.seam.test.unit.DependencyTest.testUnmetDueToOverride()'>testUnmetDueToOverride</td>
<td>0</td>
<td></td>
</tr>
<tr>
<td title='org.jboss.seam.test.unit.PageParamTest.testValidateModelDisabled()'>testValidateModelDisabled</td>
<td>0</td>
<td></td>
</tr>
<tr>
<td title='org.jboss.seam.test.unit.PageParamTest.testValidateModelWithInvalidValue()'>testValidateModelWithInvalidValue</td>
<td>0</td>
<td><div><pre>javax.faces.validator.ValidatorException: 'value' parameter is invalid: délka musí být mezi 3 a 10
	at org.jboss.seam.navigation.Param.validateConvertedValue(Param.java:271)
	at org.jboss.seam.test.unit.PageParamTest.testValidateModelWithInvalidValue(PageParamTest.java:96)
	at org.apache.maven.surefire.testng.TestNGExecutor.run(TestNGExecutor.java:62)
	at org.apache.maven.surefire.testng.TestNGDirectoryTestSuite.execute(TestNGDirectoryTestSuite.java:141)
	at org.apache.maven.surefire.Surefire.run(Surefire.java:177)
	at org.apache.maven.surefire.booter.SurefireBooter.runSuitesInProcess(SurefireBooter.java:345)
	at org.apache.maven.surefire.booter.SurefireBooter.main(SurefireBooter.java:1009)
... Removed 24 stack frames</pre></div><a href='#' onClick='toggleBox("stack-trace911285770", this, "Click to show all stack frames", "Click to hide stack frames")'>Click to show all stack frames</a>
<div class='stack-trace' id='stack-trace911285770'><pre>javax.faces.validator.ValidatorException: 'value' parameter is invalid: délka musí být mezi 3 a 10
	at org.jboss.seam.navigation.Param.validateConvertedValue(Param.java:271)
	at org.jboss.seam.test.unit.PageParamTest.testValidateModelWithInvalidValue(PageParamTest.java:96)
	at sun.reflect.NativeMethodAccessorImpl.invoke0(Native Method)
	at sun.reflect.NativeMethodAccessorImpl.invoke(NativeMethodAccessorImpl.java:39)
	at sun.reflect.DelegatingMethodAccessorImpl.invoke(DelegatingMethodAccessorImpl.java:25)
	at java.lang.reflect.Method.invoke(Method.java:597)
	at org.testng.internal.MethodHelper.invokeMethod(MethodHelper.java:607)
	at org.testng.internal.Invoker.invokeMethod(Invoker.java:517)
	at org.testng.internal.Invoker.invokeTestMethod(Invoker.java:669)
	at org.testng.internal.Invoker.invokeTestMethods(Invoker.java:956)
	at org.testng.internal.TestMethodWorker.invokeTestMethods(TestMethodWorker.java:126)
	at org.testng.internal.TestMethodWorker.run(TestMethodWorker.java:110)
	at org.testng.TestRunner.runWorkers(TestRunner.java:759)
	at org.testng.TestRunner.privateRun(TestRunner.java:592)
	at org.testng.TestRunner.run(TestRunner.java:486)
	at org.testng.SuiteRunner.runTest(SuiteRunner.java:332)
	at org.testng.SuiteRunner.runSequentially(SuiteRunner.java:327)
	at org.testng.SuiteRunner.privateRun(SuiteRunner.java:299)
	at org.testng.SuiteRunner.run(SuiteRunner.java:204)
	at org.testng.TestNG.createAndRunSuiteRunners(TestNG.java:877)
	at org.testng.TestNG.runSuitesLocally(TestNG.java:842)
	at org.testng.TestNG.run(TestNG.java:751)
	at org.apache.maven.surefire.testng.TestNGExecutor.run(TestNGExecutor.java:62)
	at org.apache.maven.surefire.testng.TestNGDirectoryTestSuite.execute(TestNGDirectoryTestSuite.java:141)
	at org.apache.maven.surefire.Surefire.run(Surefire.java:177)
	at sun.reflect.NativeMethodAccessorImpl.invoke0(Native Method)
	at sun.reflect.NativeMethodAccessorImpl.invoke(NativeMethodAccessorImpl.java:39)
	at sun.reflect.DelegatingMethodAccessorImpl.invoke(DelegatingMethodAccessorImpl.java:25)
	at java.lang.reflect.Method.invoke(Method.java:597)
	at org.apache.maven.surefire.booter.SurefireBooter.runSuitesInProcess(SurefireBooter.java:345)
	at org.apache.maven.surefire.booter.SurefireBooter.main(SurefireBooter.java:1009)
</pre></div></td>
</tr>
<tr>
<td title='org.jboss.seam.test.unit.PageParamTest.testValidateModelWithValidValue()'>testValidateModelWithValidValue</td>
<td>0</td>
<td></td>
</tr>
<tr>
<td title='org.jboss.seam.test.unit.InterceptorTest.testValidationInterceptor()'>testValidationInterceptor</td>
<td>0</td>
<td></td>
</tr>
<tr>
<td title='org.jboss.seam.test.unit.web.IdentityRequestWrapperTest.testWithSeamSecurityDisabled()'>testWithSeamSecurityDisabled</td>
<td>0</td>
<td></td>
</tr>
<tr>
<td title='org.jboss.seam.test.unit.web.IdentityRequestWrapperTest.testWithSeamSecurityEnabled()'>testWithSeamSecurityEnabled</td>
<td>0</td>
<td></td>
</tr>
</table><p>
</body>
</html>